[32m[2017-10-14 10:03:55.123] [INFO] BlockchainSampleClient - [39m
[32m[2017-10-14 10:03:55.125] [INFO] BlockchainSampleClient - [39m-----------------------------------------------------------------------------
[32m[2017-10-14 10:03:55.126] [INFO] BlockchainSampleClient - [39m>>> BlockchainSampleClient env local, started Sat Oct 14 2017 10:03:55 GMT+0530 (IST) <<<
[32m[2017-10-14 10:03:55.127] [INFO] BlockchainSampleClient - [39m-----------------------------------------------------------------------------
[32m[2017-10-14 10:03:55.127] [INFO] BlockchainSampleClient - [39mNode started via(process.argv): /usr/bin/node,/home/manoj/alliance-service/app.js
[32m[2017-10-14 10:03:55.128] [INFO] BlockchainSampleClient - [39mNode version: v6.11.4
[32m[2017-10-14 10:03:55.128] [INFO] BlockchainSampleClient - [39mNode and its dependency versions: {"http_parser":"2.7.0","node":"6.11.4","v8":"5.1.281.108","uv":"1.11.0","zlib":"1.2.11","ares":"1.10.1-DEV","icu":"58.2","modules":"48","openssl":"1.0.2l"}
[32m[2017-10-14 10:03:55.128] [INFO] BlockchainSampleClient - [39m
[32m[2017-10-14 10:03:55.129] [INFO] loggingHelper - [39mCreated logger for app.js at level ALL
[34m[2017-10-14 10:03:55.129] [TRACE] app.js - [39msetup : entry
[34m[2017-10-14 10:03:55.130] [TRACE] datastore.js - [39minit : entry 
[34m[2017-10-14 10:03:55.130] [TRACE] datastore.js - [39minit : params - {"name":"Cloudant NoSQL DB-vern","label":"cloudantNoSQLDB","plan":"Lite","credentials":{"username":"d4616de4-d4c6-4488-ab47-f6e0ef97a5ae-bluemix","password":"22ae2ced59306872b1f8240778fcf33bb77e7d4490350705c58f1e2eb8c3bb22","host":"d4616de4-d4c6-4488-ab47-f6e0ef97a5ae-bluemix.cloudant.com","port":443,"url":"https://d4616de4-d4c6-4488-ab47-f6e0ef97a5ae-bluemix:22ae2ced59306872b1f8240778fcf33bb77e7d4490350705c58f1e2eb8c3bb22@d4616de4-d4c6-4488-ab47-f6e0ef97a5ae-bluemix.cloudant.com"}} 
[34m[2017-10-14 10:03:55.136] [TRACE] app.js - [39mgetCloudantKeyValStore : entry 
[34m[2017-10-14 10:03:55.136] [TRACE] app.js - [39mgetCloudantKeyValStore : params - "devworks_app_master" 
[34m[2017-10-14 10:03:55.137] [TRACE] datastore.js - [39mgetDbInstance : entry 
[34m[2017-10-14 10:03:55.137] [TRACE] datastore.js - [39mgetDbInstance : params - "devworks_app_master" 
[32m[2017-10-14 10:03:58.675] [INFO] datastore.js - [39mgetDbInstance : devworks_app_master already exists. - undefined
[34m[2017-10-14 10:03:58.682] [TRACE] blockchain_network - [39msetupBlockchain : entry 
[34m[2017-10-14 10:03:58.683] [TRACE] blockchain_network - [39msetupBlockchain : params - [Circular] 
[34m[2017-10-14 10:03:58.684] [TRACE] blockchain_network - [39mchainInit : entry 
[34m[2017-10-14 10:03:58.684] [TRACE] blockchain_network - [39mchainInit : params - [Circular] 
[32m[2017-10-14 10:03:58.699] [INFO] blockchain_network - [39mchainInit : Chain Initialized - Chain {  peers: [],  securityEnabled: true,  members: {},  tcertBatchSize: 200,  devMode: false,  preFetchMode: true,  deployWaitTime: 100,  invokeWaitTime: 5,  name: 'sc_cc',  eventHub:    EventHub {     txCallback: [Function],     chaincodeRegistrants: HashTable {},     blockRegistrants: Set {},     txRegistrants: HashTable {},     ep: null,     connected: false },  keyValStore: CloudantKeyValStore { dbName: 'devworks_app_master', dbInstance: [Object] } }
[32m[2017-10-14 10:03:58.700] [INFO] blockchain_network - [39mloadNetworkConfiguration : Successfully loaded network configuration - undefined
[34m[2017-10-14 10:03:58.776] [TRACE] blockchain_network - [39mdoLogin : entry
[34m[2017-10-14 10:03:58.784] [TRACE] kv_store_model - [39mget : entry 
[34m[2017-10-14 10:03:58.785] [TRACE] kv_store_model - [39mget : params - {"id":"member.WebAppAdmin"} 
[32m[2017-10-14 10:03:58.997] [INFO] kv_store_model - [39mget : successfully fetched member file with id member.WebAppAdmin - undefined
[32m[2017-10-14 10:03:59.010] [INFO] blockchain_network - [39mdoLogin : Successfully logged in user on blockchain: WebAppAdmin - undefined
[32m[2017-10-14 10:03:59.011] [INFO] blockchain_network - [39mconfigureNetwork : Successfully enrolled registrar: WebAppAdmin - undefined
[32m[2017-10-14 10:03:59.011] [INFO] blockchain_network - [39msetupBlockchain : blockchain setup complete - undefined
[34m[2017-10-14 10:03:59.014] [TRACE] kv_store_model - [39mget : entry 
[34m[2017-10-14 10:03:59.014] [TRACE] kv_store_model - [39mget : params - {"id":"member.risabh.s"} 
[32m[2017-10-14 10:03:59.232] [INFO] kv_store_model - [39mget : successfully fetched member file with id member.risabh.s - undefined
[32m[2017-10-14 10:03:59.244] [INFO] blockchain_sdk - [39mregisterUser : Successfully registered user on blockchain: risabh.s - undefined
[34m[2017-10-14 10:03:59.245] [TRACE] blockchain_sdk - [39mdoLogin : entry
[32m[2017-10-14 10:03:59.247] [INFO] blockchain_sdk - [39mdoLogin : Successfully logged in user on blockchain: risabh.s - undefined
[32m[2017-10-14 10:03:59.248] [INFO] console - [39mserver is running on8082
