[32m[2017-10-28 11:42:01.458] [INFO] BlockchainSampleClient - [39m
[32m[2017-10-28 11:42:01.472] [INFO] BlockchainSampleClient - [39m-----------------------------------------------------------------------------
[32m[2017-10-28 11:42:01.472] [INFO] BlockchainSampleClient - [39m>>> BlockchainSampleClient env local, started Sat Oct 28 2017 11:42:01 GMT+0530 (IST) <<<
[32m[2017-10-28 11:42:01.472] [INFO] BlockchainSampleClient - [39m-----------------------------------------------------------------------------
[32m[2017-10-28 11:42:01.472] [INFO] BlockchainSampleClient - [39mNode started via(process.argv): /usr/bin/node,/home/manoj/alliance-service/app.js
[32m[2017-10-28 11:42:01.472] [INFO] BlockchainSampleClient - [39mNode version: v6.11.4
[32m[2017-10-28 11:42:01.473] [INFO] BlockchainSampleClient - [39mNode and its dependency versions: {"http_parser":"2.7.0","node":"6.11.4","v8":"5.1.281.108","uv":"1.11.0","zlib":"1.2.11","ares":"1.10.1-DEV","icu":"58.2","modules":"48","openssl":"1.0.2l"}
[32m[2017-10-28 11:42:01.473] [INFO] BlockchainSampleClient - [39m
[32m[2017-10-28 11:42:01.473] [INFO] loggingHelper - [39mCreated logger for app.js at level ALL
[34m[2017-10-28 11:42:01.474] [TRACE] app.js - [39msetup : entry
[34m[2017-10-28 11:42:01.474] [TRACE] datastore.js - [39minit : entry 
[34m[2017-10-28 11:42:01.475] [TRACE] datastore.js - [39minit : params - {"name":"Cloudant NoSQL DB-vern","label":"cloudantNoSQLDB","plan":"Lite","credentials":{"username":"d4616de4-d4c6-4488-ab47-f6e0ef97a5ae-bluemix","password":"22ae2ced59306872b1f8240778fcf33bb77e7d4490350705c58f1e2eb8c3bb22","host":"d4616de4-d4c6-4488-ab47-f6e0ef97a5ae-bluemix.cloudant.com","port":443,"url":"https://d4616de4-d4c6-4488-ab47-f6e0ef97a5ae-bluemix:22ae2ced59306872b1f8240778fcf33bb77e7d4490350705c58f1e2eb8c3bb22@d4616de4-d4c6-4488-ab47-f6e0ef97a5ae-bluemix.cloudant.com"}} 
[34m[2017-10-28 11:42:01.483] [TRACE] app.js - [39mgetCloudantKeyValStore : entry 
[34m[2017-10-28 11:42:01.483] [TRACE] app.js - [39mgetCloudantKeyValStore : params - "devworks_app_master" 
[34m[2017-10-28 11:42:01.483] [TRACE] datastore.js - [39mgetDbInstance : entry 
[34m[2017-10-28 11:42:01.484] [TRACE] datastore.js - [39mgetDbInstance : params - "devworks_app_master" 
[32m[2017-10-28 11:42:02.392] [INFO] datastore.js - [39mgetDbInstance : devworks_app_master already exists. - undefined
[34m[2017-10-28 11:42:02.403] [TRACE] blockchain_network - [39msetupBlockchain : entry 
[34m[2017-10-28 11:42:02.403] [TRACE] blockchain_network - [39msetupBlockchain : params - [Circular] 
[34m[2017-10-28 11:42:02.404] [TRACE] blockchain_network - [39mchainInit : entry 
[34m[2017-10-28 11:42:02.405] [TRACE] blockchain_network - [39mchainInit : params - [Circular] 
[32m[2017-10-28 11:42:02.409] [INFO] blockchain_network - [39mchainInit : Chain Initialized - Chain {  peers: [],  securityEnabled: true,  members: {},  tcertBatchSize: 200,  devMode: false,  preFetchMode: true,  deployWaitTime: 100,  invokeWaitTime: 5,  name: 'sc_cc',  eventHub:    EventHub {     txCallback: [Function],     chaincodeRegistrants: HashTable {},     blockRegistrants: Set {},     txRegistrants: HashTable {},     ep: null,     connected: false },  keyValStore: CloudantKeyValStore { dbName: 'devworks_app_master', dbInstance: [Object] } }
[32m[2017-10-28 11:42:02.411] [INFO] blockchain_network - [39mloadNetworkConfiguration : Successfully loaded network configuration - undefined
[34m[2017-10-28 11:42:02.515] [TRACE] blockchain_network - [39mdoLogin : entry
[34m[2017-10-28 11:42:02.530] [TRACE] kv_store_model - [39mget : entry 
[34m[2017-10-28 11:42:02.530] [TRACE] kv_store_model - [39mget : params - {"id":"member.WebAppAdmin"} 
[32m[2017-10-28 11:42:02.710] [INFO] kv_store_model - [39mget : successfully fetched member file with id member.WebAppAdmin - undefined
[32m[2017-10-28 11:42:02.722] [INFO] blockchain_network - [39mdoLogin : Successfully logged in user on blockchain: WebAppAdmin - undefined
[32m[2017-10-28 11:42:02.722] [INFO] blockchain_network - [39mconfigureNetwork : Successfully enrolled registrar: WebAppAdmin - undefined
[32m[2017-10-28 11:42:02.723] [INFO] blockchain_network - [39msetupBlockchain : blockchain setup complete - undefined
[34m[2017-10-28 11:42:02.726] [TRACE] kv_store_model - [39mget : entry 
[34m[2017-10-28 11:42:02.726] [TRACE] kv_store_model - [39mget : params - {"id":"member.risabh.s"} 
[32m[2017-10-28 11:42:02.897] [INFO] kv_store_model - [39mget : successfully fetched member file with id member.risabh.s - undefined
[32m[2017-10-28 11:42:02.912] [INFO] blockchain_sdk - [39mregisterUser : Successfully registered user on blockchain: risabh.s - undefined
[34m[2017-10-28 11:42:02.913] [TRACE] blockchain_sdk - [39mdoLogin : entry
[32m[2017-10-28 11:42:02.916] [INFO] blockchain_sdk - [39mdoLogin : Successfully logged in user on blockchain: risabh.s - undefined
[32m[2017-10-28 11:42:02.916] [INFO] console - [39mserver is running on8082
[32m[2017-10-28 14:30:23.952] [INFO] BlockchainSampleClient - [39m
[32m[2017-10-28 14:30:23.957] [INFO] BlockchainSampleClient - [39m-----------------------------------------------------------------------------
[32m[2017-10-28 14:30:23.957] [INFO] BlockchainSampleClient - [39m>>> BlockchainSampleClient env local, started Sat Oct 28 2017 14:30:23 GMT+0530 (IST) <<<
[32m[2017-10-28 14:30:23.958] [INFO] BlockchainSampleClient - [39m-----------------------------------------------------------------------------
[32m[2017-10-28 14:30:23.958] [INFO] BlockchainSampleClient - [39mNode started via(process.argv): /usr/bin/node,/home/manoj/rapidquest/alliance-service/app.js
[32m[2017-10-28 14:30:23.958] [INFO] BlockchainSampleClient - [39mNode version: v6.11.4
[32m[2017-10-28 14:30:23.958] [INFO] BlockchainSampleClient - [39mNode and its dependency versions: {"http_parser":"2.7.0","node":"6.11.4","v8":"5.1.281.108","uv":"1.11.0","zlib":"1.2.11","ares":"1.10.1-DEV","icu":"58.2","modules":"48","openssl":"1.0.2l"}
[32m[2017-10-28 14:30:23.959] [INFO] BlockchainSampleClient - [39m
[32m[2017-10-28 14:30:23.959] [INFO] loggingHelper - [39mCreated logger for app.js at level ALL
[34m[2017-10-28 14:30:23.960] [TRACE] app.js - [39msetup : entry
[34m[2017-10-28 14:30:23.960] [TRACE] datastore.js - [39minit : entry 
[34m[2017-10-28 14:30:23.960] [TRACE] datastore.js - [39minit : params - {"name":"Cloudant NoSQL DB-vern","label":"cloudantNoSQLDB","plan":"Lite","credentials":{"username":"d4616de4-d4c6-4488-ab47-f6e0ef97a5ae-bluemix","password":"22ae2ced59306872b1f8240778fcf33bb77e7d4490350705c58f1e2eb8c3bb22","host":"d4616de4-d4c6-4488-ab47-f6e0ef97a5ae-bluemix.cloudant.com","port":443,"url":"https://d4616de4-d4c6-4488-ab47-f6e0ef97a5ae-bluemix:22ae2ced59306872b1f8240778fcf33bb77e7d4490350705c58f1e2eb8c3bb22@d4616de4-d4c6-4488-ab47-f6e0ef97a5ae-bluemix.cloudant.com"}} 
[34m[2017-10-28 14:30:23.966] [TRACE] app.js - [39mgetCloudantKeyValStore : entry 
[34m[2017-10-28 14:30:23.966] [TRACE] app.js - [39mgetCloudantKeyValStore : params - "devworks_app_master" 
[34m[2017-10-28 14:30:23.967] [TRACE] datastore.js - [39mgetDbInstance : entry 
[34m[2017-10-28 14:30:23.967] [TRACE] datastore.js - [39mgetDbInstance : params - "devworks_app_master" 
[32m[2017-10-28 14:30:24.862] [INFO] datastore.js - [39mgetDbInstance : devworks_app_master already exists. - undefined
[34m[2017-10-28 14:30:24.868] [TRACE] blockchain_network - [39msetupBlockchain : entry 
[34m[2017-10-28 14:30:24.868] [TRACE] blockchain_network - [39msetupBlockchain : params - [Circular] 
[34m[2017-10-28 14:30:24.882] [TRACE] blockchain_network - [39mchainInit : entry 
[34m[2017-10-28 14:30:24.882] [TRACE] blockchain_network - [39mchainInit : params - [Circular] 
[32m[2017-10-28 14:30:24.887] [INFO] blockchain_network - [39mchainInit : Chain Initialized - Chain {  peers: [],  securityEnabled: true,  members: {},  tcertBatchSize: 200,  devMode: false,  preFetchMode: true,  deployWaitTime: 100,  invokeWaitTime: 5,  name: 'sc_cc',  eventHub:    EventHub {     txCallback: [Function],     chaincodeRegistrants: HashTable {},     blockRegistrants: Set {},     txRegistrants: HashTable {},     ep: null,     connected: false },  keyValStore: CloudantKeyValStore { dbName: 'devworks_app_master', dbInstance: [Object] } }
[32m[2017-10-28 14:30:24.889] [INFO] blockchain_network - [39mloadNetworkConfiguration : Successfully loaded network configuration - undefined
[34m[2017-10-28 14:30:24.986] [TRACE] blockchain_network - [39mdoLogin : entry
[34m[2017-10-28 14:30:24.998] [TRACE] kv_store_model - [39mget : entry 
[34m[2017-10-28 14:30:24.998] [TRACE] kv_store_model - [39mget : params - {"id":"member.WebAppAdmin"} 
[32m[2017-10-28 14:30:25.178] [INFO] kv_store_model - [39mget : successfully fetched member file with id member.WebAppAdmin - undefined
[32m[2017-10-28 14:30:25.191] [INFO] blockchain_network - [39mdoLogin : Successfully logged in user on blockchain: WebAppAdmin - undefined
[32m[2017-10-28 14:30:25.192] [INFO] blockchain_network - [39mconfigureNetwork : Successfully enrolled registrar: WebAppAdmin - undefined
[32m[2017-10-28 14:30:25.192] [INFO] blockchain_network - [39msetupBlockchain : blockchain setup complete - undefined
[34m[2017-10-28 14:30:25.196] [TRACE] kv_store_model - [39mget : entry 
[34m[2017-10-28 14:30:25.196] [TRACE] kv_store_model - [39mget : params - {"id":"member.risabh.s"} 
[32m[2017-10-28 14:30:25.369] [INFO] kv_store_model - [39mget : successfully fetched member file with id member.risabh.s - undefined
[32m[2017-10-28 14:30:25.383] [INFO] blockchain_sdk - [39mregisterUser : Successfully registered user on blockchain: risabh.s - undefined
[34m[2017-10-28 14:30:25.384] [TRACE] blockchain_sdk - [39mdoLogin : entry
[32m[2017-10-28 14:30:25.387] [INFO] blockchain_sdk - [39mdoLogin : Successfully logged in user on blockchain: risabh.s - undefined
[32m[2017-10-28 14:30:25.387] [INFO] console - [39mserver is running on8082
