[32m[2017-10-17 15:14:57.252] [INFO] BlockchainSampleClient - [39m
[32m[2017-10-17 15:14:57.254] [INFO] BlockchainSampleClient - [39m-----------------------------------------------------------------------------
[32m[2017-10-17 15:14:57.254] [INFO] BlockchainSampleClient - [39m>>> BlockchainSampleClient env local, started Tue Oct 17 2017 15:14:57 GMT+0530 (IST) <<<
[32m[2017-10-17 15:14:57.255] [INFO] BlockchainSampleClient - [39m-----------------------------------------------------------------------------
[32m[2017-10-17 15:14:57.255] [INFO] BlockchainSampleClient - [39mNode started via(process.argv): /usr/bin/node,/home/manoj/alliance-service/app.js
[32m[2017-10-17 15:14:57.255] [INFO] BlockchainSampleClient - [39mNode version: v6.11.4
[32m[2017-10-17 15:14:57.255] [INFO] BlockchainSampleClient - [39mNode and its dependency versions: {"http_parser":"2.7.0","node":"6.11.4","v8":"5.1.281.108","uv":"1.11.0","zlib":"1.2.11","ares":"1.10.1-DEV","icu":"58.2","modules":"48","openssl":"1.0.2l"}
[32m[2017-10-17 15:14:57.256] [INFO] BlockchainSampleClient - [39m
[32m[2017-10-17 15:14:57.256] [INFO] loggingHelper - [39mCreated logger for app.js at level ALL
[34m[2017-10-17 15:14:57.257] [TRACE] app.js - [39msetup : entry
[34m[2017-10-17 15:14:57.257] [TRACE] datastore.js - [39minit : entry 
[34m[2017-10-17 15:14:57.258] [TRACE] datastore.js - [39minit : params - {"name":"Cloudant NoSQL DB-vern","label":"cloudantNoSQLDB","plan":"Lite","credentials":{"username":"d4616de4-d4c6-4488-ab47-f6e0ef97a5ae-bluemix","password":"22ae2ced59306872b1f8240778fcf33bb77e7d4490350705c58f1e2eb8c3bb22","host":"d4616de4-d4c6-4488-ab47-f6e0ef97a5ae-bluemix.cloudant.com","port":443,"url":"https://d4616de4-d4c6-4488-ab47-f6e0ef97a5ae-bluemix:22ae2ced59306872b1f8240778fcf33bb77e7d4490350705c58f1e2eb8c3bb22@d4616de4-d4c6-4488-ab47-f6e0ef97a5ae-bluemix.cloudant.com"}} 
[34m[2017-10-17 15:14:57.265] [TRACE] app.js - [39mgetCloudantKeyValStore : entry 
[34m[2017-10-17 15:14:57.266] [TRACE] app.js - [39mgetCloudantKeyValStore : params - "devworks_app_master" 
[34m[2017-10-17 15:14:57.266] [TRACE] datastore.js - [39mgetDbInstance : entry 
[34m[2017-10-17 15:14:57.266] [TRACE] datastore.js - [39mgetDbInstance : params - "devworks_app_master" 
[32m[2017-10-17 15:15:00.274] [INFO] datastore.js - [39mgetDbInstance : devworks_app_master already exists. - undefined
[34m[2017-10-17 15:15:00.279] [TRACE] blockchain_network - [39msetupBlockchain : entry 
[34m[2017-10-17 15:15:00.279] [TRACE] blockchain_network - [39msetupBlockchain : params - [Circular] 
[34m[2017-10-17 15:15:00.280] [TRACE] blockchain_network - [39mchainInit : entry 
[34m[2017-10-17 15:15:00.280] [TRACE] blockchain_network - [39mchainInit : params - [Circular] 
[32m[2017-10-17 15:15:00.284] [INFO] blockchain_network - [39mchainInit : Chain Initialized - Chain {  peers: [],  securityEnabled: true,  members: {},  tcertBatchSize: 200,  devMode: false,  preFetchMode: true,  deployWaitTime: 100,  invokeWaitTime: 5,  name: 'sc_cc',  eventHub:    EventHub {     txCallback: [Function],     chaincodeRegistrants: HashTable {},     blockRegistrants: Set {},     txRegistrants: HashTable {},     ep: null,     connected: false },  keyValStore: CloudantKeyValStore { dbName: 'devworks_app_master', dbInstance: [Object] } }
[32m[2017-10-17 15:15:00.285] [INFO] blockchain_network - [39mloadNetworkConfiguration : Successfully loaded network configuration - undefined
[34m[2017-10-17 15:15:00.393] [TRACE] blockchain_network - [39mdoLogin : entry
[34m[2017-10-17 15:15:00.408] [TRACE] kv_store_model - [39mget : entry 
[34m[2017-10-17 15:15:00.408] [TRACE] kv_store_model - [39mget : params - {"id":"member.WebAppAdmin"} 
[32m[2017-10-17 15:15:00.833] [INFO] kv_store_model - [39mget : successfully fetched member file with id member.WebAppAdmin - undefined
[32m[2017-10-17 15:15:00.848] [INFO] blockchain_network - [39mdoLogin : Successfully logged in user on blockchain: WebAppAdmin - undefined
[32m[2017-10-17 15:15:00.849] [INFO] blockchain_network - [39mconfigureNetwork : Successfully enrolled registrar: WebAppAdmin - undefined
[32m[2017-10-17 15:15:00.849] [INFO] blockchain_network - [39msetupBlockchain : blockchain setup complete - undefined
[34m[2017-10-17 15:15:00.854] [TRACE] kv_store_model - [39mget : entry 
[34m[2017-10-17 15:15:00.854] [TRACE] kv_store_model - [39mget : params - {"id":"member.risabh.s"} 
[32m[2017-10-17 15:15:01.497] [INFO] kv_store_model - [39mget : successfully fetched member file with id member.risabh.s - undefined
[32m[2017-10-17 15:15:01.520] [INFO] blockchain_sdk - [39mregisterUser : Successfully registered user on blockchain: risabh.s - undefined
[34m[2017-10-17 15:15:01.521] [TRACE] blockchain_sdk - [39mdoLogin : entry
[32m[2017-10-17 15:15:01.525] [INFO] blockchain_sdk - [39mdoLogin : Successfully logged in user on blockchain: risabh.s - undefined
[32m[2017-10-17 15:15:01.526] [INFO] console - [39mserver is running on8082
