[32m[2017-10-09 12:04:56.311] [INFO] BlockchainSampleClient - [39m
[32m[2017-10-09 12:04:56.313] [INFO] BlockchainSampleClient - [39m-----------------------------------------------------------------------------
[32m[2017-10-09 12:04:56.314] [INFO] BlockchainSampleClient - [39m>>> BlockchainSampleClient env local, started Mon Oct 09 2017 12:04:56 GMT+0530 (IST) <<<
[32m[2017-10-09 12:04:56.314] [INFO] BlockchainSampleClient - [39m-----------------------------------------------------------------------------
[32m[2017-10-09 12:04:56.314] [INFO] BlockchainSampleClient - [39mNode started via(process.argv): /usr/bin/node,/home/manoj/alliance-service/app.js
[32m[2017-10-09 12:04:56.314] [INFO] BlockchainSampleClient - [39mNode version: v6.11.4
[32m[2017-10-09 12:04:56.314] [INFO] BlockchainSampleClient - [39mNode and its dependency versions: {"http_parser":"2.7.0","node":"6.11.4","v8":"5.1.281.108","uv":"1.11.0","zlib":"1.2.11","ares":"1.10.1-DEV","icu":"58.2","modules":"48","openssl":"1.0.2l"}
[32m[2017-10-09 12:04:56.315] [INFO] BlockchainSampleClient - [39m
[32m[2017-10-09 12:04:56.315] [INFO] loggingHelper - [39mCreated logger for app.js at level ALL
[34m[2017-10-09 12:04:56.316] [TRACE] app.js - [39msetup : entry
[34m[2017-10-09 12:04:56.317] [TRACE] datastore.js - [39minit : entry 
[34m[2017-10-09 12:04:56.317] [TRACE] datastore.js - [39minit : params - {"name":"Cloudant NoSQL DB-vern","label":"cloudantNoSQLDB","plan":"Lite","credentials":{"username":"d4616de4-d4c6-4488-ab47-f6e0ef97a5ae-bluemix","password":"22ae2ced59306872b1f8240778fcf33bb77e7d4490350705c58f1e2eb8c3bb22","host":"d4616de4-d4c6-4488-ab47-f6e0ef97a5ae-bluemix.cloudant.com","port":443,"url":"https://d4616de4-d4c6-4488-ab47-f6e0ef97a5ae-bluemix:22ae2ced59306872b1f8240778fcf33bb77e7d4490350705c58f1e2eb8c3bb22@d4616de4-d4c6-4488-ab47-f6e0ef97a5ae-bluemix.cloudant.com"}} 
[34m[2017-10-09 12:04:56.325] [TRACE] app.js - [39mgetCloudantKeyValStore : entry 
[34m[2017-10-09 12:04:56.325] [TRACE] app.js - [39mgetCloudantKeyValStore : params - "devworks_app_master" 
[34m[2017-10-09 12:04:56.326] [TRACE] datastore.js - [39mgetDbInstance : entry 
[34m[2017-10-09 12:04:56.326] [TRACE] datastore.js - [39mgetDbInstance : params - "devworks_app_master" 
[32m[2017-10-09 12:04:57.163] [INFO] datastore.js - [39mgetDbInstance : devworks_app_master already exists. - undefined
[34m[2017-10-09 12:04:57.169] [TRACE] blockchain_network - [39msetupBlockchain : entry 
[34m[2017-10-09 12:04:57.169] [TRACE] blockchain_network - [39msetupBlockchain : params - [Circular] 
[34m[2017-10-09 12:04:57.170] [TRACE] blockchain_network - [39mchainInit : entry 
[34m[2017-10-09 12:04:57.170] [TRACE] blockchain_network - [39mchainInit : params - [Circular] 
[32m[2017-10-09 12:04:57.173] [INFO] blockchain_network - [39mchainInit : Chain Initialized - Chain {  peers: [],  securityEnabled: true,  members: {},  tcertBatchSize: 200,  devMode: false,  preFetchMode: true,  deployWaitTime: 100,  invokeWaitTime: 5,  name: 'sc_cc',  eventHub:    EventHub {     txCallback: [Function],     chaincodeRegistrants: HashTable {},     blockRegistrants: Set {},     txRegistrants: HashTable {},     ep: null,     connected: false },  keyValStore: CloudantKeyValStore { dbName: 'devworks_app_master', dbInstance: [Object] } }
[32m[2017-10-09 12:04:57.174] [INFO] blockchain_network - [39mloadNetworkConfiguration : Successfully loaded network configuration - undefined
[34m[2017-10-09 12:04:57.258] [TRACE] blockchain_network - [39mdoLogin : entry
[34m[2017-10-09 12:04:57.269] [TRACE] kv_store_model - [39mget : entry 
[34m[2017-10-09 12:04:57.269] [TRACE] kv_store_model - [39mget : params - {"id":"member.WebAppAdmin"} 
[32m[2017-10-09 12:04:57.470] [INFO] kv_store_model - [39mget : successfully fetched member file with id member.WebAppAdmin - undefined
[32m[2017-10-09 12:04:57.488] [INFO] blockchain_network - [39mdoLogin : Successfully logged in user on blockchain: WebAppAdmin - undefined
[32m[2017-10-09 12:04:57.489] [INFO] blockchain_network - [39mconfigureNetwork : Successfully enrolled registrar: WebAppAdmin - undefined
[32m[2017-10-09 12:04:57.489] [INFO] blockchain_network - [39msetupBlockchain : blockchain setup complete - undefined
[34m[2017-10-09 12:04:57.493] [TRACE] kv_store_model - [39mget : entry 
[34m[2017-10-09 12:04:57.493] [TRACE] kv_store_model - [39mget : params - {"id":"member.risabh.s"} 
[32m[2017-10-09 12:04:57.700] [INFO] kv_store_model - [39mget : successfully fetched member file with id member.risabh.s - undefined
[32m[2017-10-09 12:04:57.716] [INFO] blockchain_sdk - [39mregisterUser : Successfully registered user on blockchain: risabh.s - undefined
[34m[2017-10-09 12:04:57.717] [TRACE] blockchain_sdk - [39mdoLogin : entry
[32m[2017-10-09 12:04:57.721] [INFO] blockchain_sdk - [39mdoLogin : Successfully logged in user on blockchain: risabh.s - undefined
[32m[2017-10-09 12:04:57.722] [INFO] console - [39mserver is running on8082
[32m[2017-10-09 12:12:51.685] [INFO] console - [39mentering register function in functions 
[32m[2017-10-09 12:12:51.686] [INFO] console - [39mmanoj.venkateswararaja@rapidqube.com
[32m[2017-10-09 12:12:51.686] [INFO] console - [39m123456
[32m[2017-10-09 12:12:51.686] [INFO] console - [39m{ fname: 'manoj', lname: 'raja', phone: '918667805637' }
[32m[2017-10-09 12:12:51.688] [INFO] console - [39mDirect Clients
[32m[2017-10-09 12:12:53.742] [INFO] console - [39mmessageUser Already Registered !
[32m[2017-10-09 12:13:13.025] [INFO] console - [39mentering register function in functions 
[32m[2017-10-09 12:13:13.025] [INFO] console - [39mmanoj.raja4@rapidqube.com
[32m[2017-10-09 12:13:13.025] [INFO] console - [39m123456
[32m[2017-10-09 12:13:13.026] [INFO] console - [39m{ fname: 'manoj',
  lname: 'venkateswararaja',
  phone: '918667805637' }
[32m[2017-10-09 12:13:13.026] [INFO] console - [39mDirect Clients
[32m[2017-10-09 12:13:14.036] [INFO] console - [39mmessagePlease verify your emailid and phone no
[32m[2017-10-09 12:13:24.904] [INFO] console - [39m9298
[32m[2017-10-09 12:13:24.907] [INFO] console - [39m918667805637
[32m[2017-10-09 12:13:34.272] [INFO] console - [39m9298
[32m[2017-10-09 12:13:34.273] [INFO] console - [39m918667805637
[32m[2017-10-09 12:15:25.036] [INFO] console - [39m9298
[32m[2017-10-09 12:15:25.037] [INFO] console - [39m918667805637
[32m[2017-10-09 12:18:21.817] [INFO] BlockchainSampleClient - [39m
[32m[2017-10-09 12:18:21.819] [INFO] BlockchainSampleClient - [39m-----------------------------------------------------------------------------
[32m[2017-10-09 12:18:21.819] [INFO] BlockchainSampleClient - [39m>>> BlockchainSampleClient env local, started Mon Oct 09 2017 12:18:21 GMT+0530 (IST) <<<
[32m[2017-10-09 12:18:21.820] [INFO] BlockchainSampleClient - [39m-----------------------------------------------------------------------------
[32m[2017-10-09 12:18:21.820] [INFO] BlockchainSampleClient - [39mNode started via(process.argv): /usr/bin/node,/home/manoj/alliance-service/app.js
[32m[2017-10-09 12:18:21.820] [INFO] BlockchainSampleClient - [39mNode version: v6.11.4
[32m[2017-10-09 12:18:21.820] [INFO] BlockchainSampleClient - [39mNode and its dependency versions: {"http_parser":"2.7.0","node":"6.11.4","v8":"5.1.281.108","uv":"1.11.0","zlib":"1.2.11","ares":"1.10.1-DEV","icu":"58.2","modules":"48","openssl":"1.0.2l"}
[32m[2017-10-09 12:18:21.821] [INFO] BlockchainSampleClient - [39m
[32m[2017-10-09 12:18:21.821] [INFO] loggingHelper - [39mCreated logger for app.js at level ALL
[34m[2017-10-09 12:18:21.822] [TRACE] app.js - [39msetup : entry
[34m[2017-10-09 12:18:21.823] [TRACE] datastore.js - [39minit : entry 
[34m[2017-10-09 12:18:21.823] [TRACE] datastore.js - [39minit : params - {"name":"Cloudant NoSQL DB-vern","label":"cloudantNoSQLDB","plan":"Lite","credentials":{"username":"d4616de4-d4c6-4488-ab47-f6e0ef97a5ae-bluemix","password":"22ae2ced59306872b1f8240778fcf33bb77e7d4490350705c58f1e2eb8c3bb22","host":"d4616de4-d4c6-4488-ab47-f6e0ef97a5ae-bluemix.cloudant.com","port":443,"url":"https://d4616de4-d4c6-4488-ab47-f6e0ef97a5ae-bluemix:22ae2ced59306872b1f8240778fcf33bb77e7d4490350705c58f1e2eb8c3bb22@d4616de4-d4c6-4488-ab47-f6e0ef97a5ae-bluemix.cloudant.com"}} 
[34m[2017-10-09 12:18:21.832] [TRACE] app.js - [39mgetCloudantKeyValStore : entry 
[34m[2017-10-09 12:18:21.833] [TRACE] app.js - [39mgetCloudantKeyValStore : params - "devworks_app_master" 
[34m[2017-10-09 12:18:21.833] [TRACE] datastore.js - [39mgetDbInstance : entry 
[34m[2017-10-09 12:18:21.833] [TRACE] datastore.js - [39mgetDbInstance : params - "devworks_app_master" 
[32m[2017-10-09 12:18:22.849] [INFO] datastore.js - [39mgetDbInstance : devworks_app_master already exists. - undefined
[34m[2017-10-09 12:18:22.855] [TRACE] blockchain_network - [39msetupBlockchain : entry 
[34m[2017-10-09 12:18:22.856] [TRACE] blockchain_network - [39msetupBlockchain : params - [Circular] 
[34m[2017-10-09 12:18:22.856] [TRACE] blockchain_network - [39mchainInit : entry 
[34m[2017-10-09 12:18:22.857] [TRACE] blockchain_network - [39mchainInit : params - [Circular] 
[32m[2017-10-09 12:18:22.860] [INFO] blockchain_network - [39mchainInit : Chain Initialized - Chain {  peers: [],  securityEnabled: true,  members: {},  tcertBatchSize: 200,  devMode: false,  preFetchMode: true,  deployWaitTime: 100,  invokeWaitTime: 5,  name: 'sc_cc',  eventHub:    EventHub {     txCallback: [Function],     chaincodeRegistrants: HashTable {},     blockRegistrants: Set {},     txRegistrants: HashTable {},     ep: null,     connected: false },  keyValStore: CloudantKeyValStore { dbName: 'devworks_app_master', dbInstance: [Object] } }
[32m[2017-10-09 12:18:22.861] [INFO] blockchain_network - [39mloadNetworkConfiguration : Successfully loaded network configuration - undefined
[34m[2017-10-09 12:18:22.973] [TRACE] blockchain_network - [39mdoLogin : entry
[34m[2017-10-09 12:18:22.991] [TRACE] kv_store_model - [39mget : entry 
[34m[2017-10-09 12:18:22.991] [TRACE] kv_store_model - [39mget : params - {"id":"member.WebAppAdmin"} 
[32m[2017-10-09 12:18:23.195] [INFO] kv_store_model - [39mget : successfully fetched member file with id member.WebAppAdmin - undefined
[32m[2017-10-09 12:18:23.210] [INFO] blockchain_network - [39mdoLogin : Successfully logged in user on blockchain: WebAppAdmin - undefined
[32m[2017-10-09 12:18:23.211] [INFO] blockchain_network - [39mconfigureNetwork : Successfully enrolled registrar: WebAppAdmin - undefined
[32m[2017-10-09 12:18:23.211] [INFO] blockchain_network - [39msetupBlockchain : blockchain setup complete - undefined
[34m[2017-10-09 12:18:23.215] [TRACE] kv_store_model - [39mget : entry 
[34m[2017-10-09 12:18:23.215] [TRACE] kv_store_model - [39mget : params - {"id":"member.risabh.s"} 
[32m[2017-10-09 12:18:23.417] [INFO] kv_store_model - [39mget : successfully fetched member file with id member.risabh.s - undefined
[32m[2017-10-09 12:18:23.430] [INFO] blockchain_sdk - [39mregisterUser : Successfully registered user on blockchain: risabh.s - undefined
[34m[2017-10-09 12:18:23.431] [TRACE] blockchain_sdk - [39mdoLogin : entry
[32m[2017-10-09 12:18:23.434] [INFO] blockchain_sdk - [39mdoLogin : Successfully logged in user on blockchain: risabh.s - undefined
[32m[2017-10-09 12:18:23.435] [INFO] console - [39mserver is running on8082
[32m[2017-10-09 12:21:59.338] [INFO] console - [39mentering register function in functions 
[32m[2017-10-09 12:21:59.338] [INFO] console - [39mmanoj.venkateswararaja@rapidqube.com
[32m[2017-10-09 12:21:59.339] [INFO] console - [39m123456
[32m[2017-10-09 12:21:59.340] [INFO] console - [39m{ fname: 'manoj', lname: 'venkateswara', phone: '918667805637' }
[32m[2017-10-09 12:21:59.343] [INFO] console - [39mDirect Clients
[32m[2017-10-09 12:22:01.460] [INFO] console - [39mmessageUser Already Registered !
[32m[2017-10-09 12:22:21.783] [INFO] console - [39mentering register function in functions 
[32m[2017-10-09 12:22:21.784] [INFO] console - [39mmanoj.raja410@gmail.com
[32m[2017-10-09 12:22:21.784] [INFO] console - [39m123456
[32m[2017-10-09 12:22:21.785] [INFO] console - [39m{ fname: 'manoj', lname: 'venkateswara', phone: '918667805637' }
[32m[2017-10-09 12:22:21.785] [INFO] console - [39mDirect Clients
[32m[2017-10-09 12:22:22.730] [INFO] console - [39mmessagePlease verify your emailid and phone no
[32m[2017-10-09 12:22:34.537] [INFO] console - [39m5789
[32m[2017-10-09 12:22:34.538] [INFO] console - [39m918667805637
[32m[2017-10-09 12:24:28.387] [INFO] console - [39m5789
[32m[2017-10-09 12:24:28.388] [INFO] console - [39m918667805637
[32m[2017-10-09 12:24:34.850] [INFO] console - [39m5789
[32m[2017-10-09 12:24:34.851] [INFO] console - [39m918667805637
[32m[2017-10-09 12:24:39.263] [INFO] console - [39m5789
[32m[2017-10-09 12:24:39.263] [INFO] console - [39m918667805637
[32m[2017-10-09 12:25:22.261] [INFO] console - [39m5789
[32m[2017-10-09 12:25:22.262] [INFO] console - [39m918667805637
[32m[2017-10-09 12:26:11.672] [INFO] console - [39m5789
[32m[2017-10-09 12:26:11.672] [INFO] console - [39m918667805637
[32m[2017-10-09 12:27:18.470] [INFO] console - [39m5789
[32m[2017-10-09 12:27:18.470] [INFO] console - [39m918667805637
[32m[2017-10-09 12:28:39.971] [INFO] console - [39mentering login function in functions 
[32m[2017-10-09 12:28:39.973] [INFO] console - [39mmanoj.raja410@gmail.com
[32m[2017-10-09 12:28:39.973] [INFO] console - [39m123456
[32m[2017-10-09 12:28:58.423] [INFO] console - [39mentering login function in functions 
[32m[2017-10-09 12:28:58.424] [INFO] console - [39mmanoj.raja4@gmail.com
[32m[2017-10-09 12:28:58.424] [INFO] console - [39m123456
[32m[2017-10-09 12:29:06.731] [INFO] BlockchainSampleClient - [39m
[32m[2017-10-09 12:29:06.733] [INFO] BlockchainSampleClient - [39m-----------------------------------------------------------------------------
[32m[2017-10-09 12:29:06.734] [INFO] BlockchainSampleClient - [39m>>> BlockchainSampleClient env local, started Mon Oct 09 2017 12:29:06 GMT+0530 (IST) <<<
[32m[2017-10-09 12:29:06.734] [INFO] BlockchainSampleClient - [39m-----------------------------------------------------------------------------
[32m[2017-10-09 12:29:06.734] [INFO] BlockchainSampleClient - [39mNode started via(process.argv): /usr/bin/node,/home/manoj/alliance-service/app.js
[32m[2017-10-09 12:29:06.734] [INFO] BlockchainSampleClient - [39mNode version: v6.11.4
[32m[2017-10-09 12:29:06.735] [INFO] BlockchainSampleClient - [39mNode and its dependency versions: {"http_parser":"2.7.0","node":"6.11.4","v8":"5.1.281.108","uv":"1.11.0","zlib":"1.2.11","ares":"1.10.1-DEV","icu":"58.2","modules":"48","openssl":"1.0.2l"}
[32m[2017-10-09 12:29:06.735] [INFO] BlockchainSampleClient - [39m
[32m[2017-10-09 12:29:06.735] [INFO] loggingHelper - [39mCreated logger for app.js at level ALL
[34m[2017-10-09 12:29:06.736] [TRACE] app.js - [39msetup : entry
[34m[2017-10-09 12:29:06.737] [TRACE] datastore.js - [39minit : entry 
[34m[2017-10-09 12:29:06.737] [TRACE] datastore.js - [39minit : params - {"name":"Cloudant NoSQL DB-vern","label":"cloudantNoSQLDB","plan":"Lite","credentials":{"username":"d4616de4-d4c6-4488-ab47-f6e0ef97a5ae-bluemix","password":"22ae2ced59306872b1f8240778fcf33bb77e7d4490350705c58f1e2eb8c3bb22","host":"d4616de4-d4c6-4488-ab47-f6e0ef97a5ae-bluemix.cloudant.com","port":443,"url":"https://d4616de4-d4c6-4488-ab47-f6e0ef97a5ae-bluemix:22ae2ced59306872b1f8240778fcf33bb77e7d4490350705c58f1e2eb8c3bb22@d4616de4-d4c6-4488-ab47-f6e0ef97a5ae-bluemix.cloudant.com"}} 
[34m[2017-10-09 12:29:06.760] [TRACE] app.js - [39mgetCloudantKeyValStore : entry 
[34m[2017-10-09 12:29:06.760] [TRACE] app.js - [39mgetCloudantKeyValStore : params - "devworks_app_master" 
[34m[2017-10-09 12:29:06.760] [TRACE] datastore.js - [39mgetDbInstance : entry 
[34m[2017-10-09 12:29:06.761] [TRACE] datastore.js - [39mgetDbInstance : params - "devworks_app_master" 
[32m[2017-10-09 12:29:07.673] [INFO] datastore.js - [39mgetDbInstance : devworks_app_master already exists. - undefined
[34m[2017-10-09 12:29:07.677] [TRACE] blockchain_network - [39msetupBlockchain : entry 
[34m[2017-10-09 12:29:07.678] [TRACE] blockchain_network - [39msetupBlockchain : params - [Circular] 
[34m[2017-10-09 12:29:07.678] [TRACE] blockchain_network - [39mchainInit : entry 
[34m[2017-10-09 12:29:07.679] [TRACE] blockchain_network - [39mchainInit : params - [Circular] 
[32m[2017-10-09 12:29:07.682] [INFO] blockchain_network - [39mchainInit : Chain Initialized - Chain {  peers: [],  securityEnabled: true,  members: {},  tcertBatchSize: 200,  devMode: false,  preFetchMode: true,  deployWaitTime: 100,  invokeWaitTime: 5,  name: 'sc_cc',  eventHub:    EventHub {     txCallback: [Function],     chaincodeRegistrants: HashTable {},     blockRegistrants: Set {},     txRegistrants: HashTable {},     ep: null,     connected: false },  keyValStore: CloudantKeyValStore { dbName: 'devworks_app_master', dbInstance: [Object] } }
[32m[2017-10-09 12:29:07.684] [INFO] blockchain_network - [39mloadNetworkConfiguration : Successfully loaded network configuration - undefined
[34m[2017-10-09 12:29:07.767] [TRACE] blockchain_network - [39mdoLogin : entry
[34m[2017-10-09 12:29:07.778] [TRACE] kv_store_model - [39mget : entry 
[34m[2017-10-09 12:29:07.778] [TRACE] kv_store_model - [39mget : params - {"id":"member.WebAppAdmin"} 
[32m[2017-10-09 12:29:07.991] [INFO] kv_store_model - [39mget : successfully fetched member file with id member.WebAppAdmin - undefined
[32m[2017-10-09 12:29:08.001] [INFO] blockchain_network - [39mdoLogin : Successfully logged in user on blockchain: WebAppAdmin - undefined
[32m[2017-10-09 12:29:08.002] [INFO] blockchain_network - [39mconfigureNetwork : Successfully enrolled registrar: WebAppAdmin - undefined
[32m[2017-10-09 12:29:08.002] [INFO] blockchain_network - [39msetupBlockchain : blockchain setup complete - undefined
[34m[2017-10-09 12:29:08.005] [TRACE] kv_store_model - [39mget : entry 
[34m[2017-10-09 12:29:08.005] [TRACE] kv_store_model - [39mget : params - {"id":"member.risabh.s"} 
[32m[2017-10-09 12:29:08.212] [INFO] kv_store_model - [39mget : successfully fetched member file with id member.risabh.s - undefined
[32m[2017-10-09 12:29:08.226] [INFO] blockchain_sdk - [39mregisterUser : Successfully registered user on blockchain: risabh.s - undefined
[34m[2017-10-09 12:29:08.227] [TRACE] blockchain_sdk - [39mdoLogin : entry
[32m[2017-10-09 12:29:08.231] [INFO] blockchain_sdk - [39mdoLogin : Successfully logged in user on blockchain: risabh.s - undefined
[32m[2017-10-09 12:29:08.232] [INFO] console - [39mserver is running on8082
[32m[2017-10-09 12:35:00.464] [INFO] console - [39mentering login function in functions 
[32m[2017-10-09 12:35:00.464] [INFO] console - [39marun.hossamani@rapidqube.com
[32m[2017-10-09 12:35:00.465] [INFO] console - [39m123456
[32m[2017-10-09 12:35:12.335] [INFO] console - [39midBwbMwA6b1HhE14/uLWpyRWKq33+AUBH6wzR6mC8t9J0=
[32m[2017-10-09 12:35:12.337] [INFO] console - [39m{ user: 'dhananjay.p', getconsignment: 'getconsignment' } 'data in params for query method'
[32m[2017-10-09 12:35:12.340] [INFO] console - [39mCreate a client and set the wallet location
[32m[2017-10-09 12:35:12.342] [INFO] console - [39mSet wallet path, and associate user  PeerAdmin  with application
[31m[2017-10-09 12:35:12.502] [ERROR] console - [39mCaught Error Error: Private key missing from key store. Can not establish the signing identity for user PeerAdmin
    at _cryptoSuite.importKey.then.then (/home/manoj/alliance-service/node_modules/fabric-client/lib/User.js:255:11)
[32m[2017-10-09 12:35:12.504] [INFO] console - [39mdata in policyArray undefined
[31m[2017-10-09 12:35:12.506] [ERROR] console - [39m(node:20200) UnhandledPromiseRejectionWarning: Unhandled promise rejection (rejection id: 2): RangeError: Invalid status code: 0
[32m[2017-10-09 12:35:19.404] [INFO] console - [39mBwbMwA6b1HhE14/uLWpyRWKq33+AUBH6wzR6mC8t9J0=
[32m[2017-10-09 12:35:19.622] [INFO] console - [39m[]
[32m[2017-10-09 12:35:19.623] [INFO] console - [39m{ status: 201, policylist: [] }
[32m[2017-10-09 12:35:20.399] [INFO] console - [39mBwbMwA6b1HhE14/uLWpyRWKq33+AUBH6wzR6mC8t9J0=
[32m[2017-10-09 12:35:20.605] [INFO] console - [39m[]
[32m[2017-10-09 12:35:20.606] [INFO] console - [39m{ status: 201, policylist: [] }
[32m[2017-10-09 12:35:33.803] [INFO] console - [39midBwbMwA6b1HhE14/uLWpyRWKq33+AUBH6wzR6mC8t9J0=
[32m[2017-10-09 12:35:33.804] [INFO] console - [39m{ user: 'dhananjay.p', getconsignment: 'getconsignment' } 'data in params for query method'
[32m[2017-10-09 12:35:33.806] [INFO] console - [39mCreate a client and set the wallet location
[32m[2017-10-09 12:35:33.807] [INFO] console - [39mSet wallet path, and associate user  PeerAdmin  with application
[31m[2017-10-09 12:35:33.815] [ERROR] console - [39mCaught Error Error: Private key missing from key store. Can not establish the signing identity for user PeerAdmin
    at _cryptoSuite.importKey.then.then (/home/manoj/alliance-service/node_modules/fabric-client/lib/User.js:255:11)
[32m[2017-10-09 12:35:33.815] [INFO] console - [39mdata in policyArray undefined
[31m[2017-10-09 12:35:33.816] [ERROR] console - [39m(node:20200) UnhandledPromiseRejectionWarning: Unhandled promise rejection (rejection id: 4): RangeError: Invalid status code: 0
[32m[2017-10-09 12:35:37.091] [INFO] console - [39mBwbMwA6b1HhE14/uLWpyRWKq33+AUBH6wzR6mC8t9J0=
[32m[2017-10-09 12:35:37.297] [INFO] console - [39m[]
[32m[2017-10-09 12:35:37.297] [INFO] console - [39m{ status: 201, policylist: [] }
[32m[2017-10-09 12:36:23.250] [INFO] console - [39midBwbMwA6b1HhE14/uLWpyRWKq33+AUBH6wzR6mC8t9J0=
[32m[2017-10-09 12:36:23.252] [INFO] console - [39mstatusundefined
[32m[2017-10-09 12:36:23.252] [INFO] console - [39m_idundefined
[32m[2017-10-09 12:36:23.257] [INFO] console - [39mconsignmentWeight:5800
[32m[2017-10-09 12:36:23.258] [INFO] console - [39mconsignmentValue:5809
[32m[2017-10-09 12:36:23.258] [INFO] console - [39mmodeofTransport:Roadways
[32m[2017-10-09 12:36:23.258] [INFO] console - [39mpackingMode:abcd
[32m[2017-10-09 12:36:23.258] [INFO] console - [39mconsignmentType:yyy
[32m[2017-10-09 12:36:23.258] [INFO] console - [39mcontractType:CIF
[32m[2017-10-09 12:36:23.258] [INFO] console - [39mpolicyType:Single Transient Policy
[32m[2017-10-09 12:36:23.258] [INFO] console - [39minvoiceNo:2580
[32m[2017-10-09 12:36:23.258] [INFO] console - [39mpolicyIssueDate:
[32m[2017-10-09 12:36:23.259] [INFO] console - [39mpolicyEndDate:
[32m[2017-10-09 12:36:23.259] [INFO] console - [39mvoyageStartDate:
[32m[2017-10-09 12:36:23.259] [INFO] console - [39mvoyageEndDate:
[32m[2017-10-09 12:37:59.254] [INFO] BlockchainSampleClient - [39m
[32m[2017-10-09 12:37:59.257] [INFO] BlockchainSampleClient - [39m-----------------------------------------------------------------------------
[32m[2017-10-09 12:37:59.257] [INFO] BlockchainSampleClient - [39m>>> BlockchainSampleClient env local, started Mon Oct 09 2017 12:37:59 GMT+0530 (IST) <<<
[32m[2017-10-09 12:37:59.258] [INFO] BlockchainSampleClient - [39m-----------------------------------------------------------------------------
[32m[2017-10-09 12:37:59.258] [INFO] BlockchainSampleClient - [39mNode started via(process.argv): /usr/bin/node,/home/manoj/alliance-service/app.js
[32m[2017-10-09 12:37:59.259] [INFO] BlockchainSampleClient - [39mNode version: v6.11.4
[32m[2017-10-09 12:37:59.259] [INFO] BlockchainSampleClient - [39mNode and its dependency versions: {"http_parser":"2.7.0","node":"6.11.4","v8":"5.1.281.108","uv":"1.11.0","zlib":"1.2.11","ares":"1.10.1-DEV","icu":"58.2","modules":"48","openssl":"1.0.2l"}
[32m[2017-10-09 12:37:59.259] [INFO] BlockchainSampleClient - [39m
[32m[2017-10-09 12:37:59.260] [INFO] loggingHelper - [39mCreated logger for app.js at level ALL
[34m[2017-10-09 12:37:59.261] [TRACE] app.js - [39msetup : entry
[34m[2017-10-09 12:37:59.261] [TRACE] datastore.js - [39minit : entry 
[34m[2017-10-09 12:37:59.261] [TRACE] datastore.js - [39minit : params - {"name":"Cloudant NoSQL DB-vern","label":"cloudantNoSQLDB","plan":"Lite","credentials":{"username":"d4616de4-d4c6-4488-ab47-f6e0ef97a5ae-bluemix","password":"22ae2ced59306872b1f8240778fcf33bb77e7d4490350705c58f1e2eb8c3bb22","host":"d4616de4-d4c6-4488-ab47-f6e0ef97a5ae-bluemix.cloudant.com","port":443,"url":"https://d4616de4-d4c6-4488-ab47-f6e0ef97a5ae-bluemix:22ae2ced59306872b1f8240778fcf33bb77e7d4490350705c58f1e2eb8c3bb22@d4616de4-d4c6-4488-ab47-f6e0ef97a5ae-bluemix.cloudant.com"}} 
[34m[2017-10-09 12:37:59.268] [TRACE] app.js - [39mgetCloudantKeyValStore : entry 
[34m[2017-10-09 12:37:59.268] [TRACE] app.js - [39mgetCloudantKeyValStore : params - "devworks_app_master" 
[34m[2017-10-09 12:37:59.269] [TRACE] datastore.js - [39mgetDbInstance : entry 
[34m[2017-10-09 12:37:59.269] [TRACE] datastore.js - [39mgetDbInstance : params - "devworks_app_master" 
[32m[2017-10-09 12:38:00.110] [INFO] datastore.js - [39mgetDbInstance : devworks_app_master already exists. - undefined
[34m[2017-10-09 12:38:00.114] [TRACE] blockchain_network - [39msetupBlockchain : entry 
[34m[2017-10-09 12:38:00.114] [TRACE] blockchain_network - [39msetupBlockchain : params - [Circular] 
[34m[2017-10-09 12:38:00.115] [TRACE] blockchain_network - [39mchainInit : entry 
[34m[2017-10-09 12:38:00.115] [TRACE] blockchain_network - [39mchainInit : params - [Circular] 
[32m[2017-10-09 12:38:00.118] [INFO] blockchain_network - [39mchainInit : Chain Initialized - Chain {  peers: [],  securityEnabled: true,  members: {},  tcertBatchSize: 200,  devMode: false,  preFetchMode: true,  deployWaitTime: 100,  invokeWaitTime: 5,  name: 'sc_cc',  eventHub:    EventHub {     txCallback: [Function],     chaincodeRegistrants: HashTable {},     blockRegistrants: Set {},     txRegistrants: HashTable {},     ep: null,     connected: false },  keyValStore: CloudantKeyValStore { dbName: 'devworks_app_master', dbInstance: [Object] } }
[32m[2017-10-09 12:38:00.120] [INFO] blockchain_network - [39mloadNetworkConfiguration : Successfully loaded network configuration - undefined
[34m[2017-10-09 12:38:00.203] [TRACE] blockchain_network - [39mdoLogin : entry
[34m[2017-10-09 12:38:00.215] [TRACE] kv_store_model - [39mget : entry 
[34m[2017-10-09 12:38:00.215] [TRACE] kv_store_model - [39mget : params - {"id":"member.WebAppAdmin"} 
[32m[2017-10-09 12:38:00.418] [INFO] kv_store_model - [39mget : successfully fetched member file with id member.WebAppAdmin - undefined
[32m[2017-10-09 12:38:00.433] [INFO] blockchain_network - [39mdoLogin : Successfully logged in user on blockchain: WebAppAdmin - undefined
[32m[2017-10-09 12:38:00.433] [INFO] blockchain_network - [39mconfigureNetwork : Successfully enrolled registrar: WebAppAdmin - undefined
[32m[2017-10-09 12:38:00.434] [INFO] blockchain_network - [39msetupBlockchain : blockchain setup complete - undefined
[34m[2017-10-09 12:38:00.437] [TRACE] kv_store_model - [39mget : entry 
[34m[2017-10-09 12:38:00.438] [TRACE] kv_store_model - [39mget : params - {"id":"member.risabh.s"} 
[32m[2017-10-09 12:38:00.646] [INFO] kv_store_model - [39mget : successfully fetched member file with id member.risabh.s - undefined
[32m[2017-10-09 12:38:00.656] [INFO] blockchain_sdk - [39mregisterUser : Successfully registered user on blockchain: risabh.s - undefined
[34m[2017-10-09 12:38:00.657] [TRACE] blockchain_sdk - [39mdoLogin : entry
[32m[2017-10-09 12:38:00.660] [INFO] blockchain_sdk - [39mdoLogin : Successfully logged in user on blockchain: risabh.s - undefined
[32m[2017-10-09 12:38:00.660] [INFO] console - [39mserver is running on8082
[32m[2017-10-09 12:39:48.905] [INFO] console - [39mentering login function in functions 
[32m[2017-10-09 12:39:48.906] [INFO] console - [39marun.hossamani@rapidqube.com
[32m[2017-10-09 12:39:48.906] [INFO] console - [39m123456
[32m[2017-10-09 12:40:48.696] [INFO] console - [39midBwbMwA6b1HhE14/uLWpyRWKq33+AUBH6wzR6mC8t9J0=
[32m[2017-10-09 12:40:48.696] [INFO] console - [39mstatusundefined
[32m[2017-10-09 12:40:48.699] [INFO] console - [39m_idundefined
[32m[2017-10-09 12:40:48.699] [INFO] console - [39mconsignmentWeight:5678
[32m[2017-10-09 12:40:48.699] [INFO] console - [39mconsignmentValue:3570
[32m[2017-10-09 12:40:48.699] [INFO] console - [39mmodeofTransport:Roadways
[32m[2017-10-09 12:40:48.699] [INFO] console - [39mpackingMode:yyy
[32m[2017-10-09 12:40:48.699] [INFO] console - [39mconsignmentType:abcd
[32m[2017-10-09 12:40:48.699] [INFO] console - [39mcontractType:CIP
[32m[2017-10-09 12:40:48.700] [INFO] console - [39mpolicyType:Single Transient Policy
[32m[2017-10-09 12:40:48.700] [INFO] console - [39minvoiceNo:2580
[32m[2017-10-09 12:40:48.700] [INFO] console - [39mpolicyIssueDate:09-10-2017
[32m[2017-10-09 12:40:48.700] [INFO] console - [39mpolicyEndDate:31-10-2017
[32m[2017-10-09 12:40:48.700] [INFO] console - [39mvoyageStartDate:12-10-2017
[32m[2017-10-09 12:40:48.700] [INFO] console - [39mvoyageEndDate:26-10-2017
[32m[2017-10-09 12:57:16.443] [INFO] BlockchainSampleClient - [39m
[32m[2017-10-09 12:57:16.444] [INFO] BlockchainSampleClient - [39m-----------------------------------------------------------------------------
[32m[2017-10-09 12:57:16.444] [INFO] BlockchainSampleClient - [39m>>> BlockchainSampleClient env local, started Mon Oct 09 2017 12:57:16 GMT+0530 (IST) <<<
[32m[2017-10-09 12:57:16.445] [INFO] BlockchainSampleClient - [39m-----------------------------------------------------------------------------
[32m[2017-10-09 12:57:16.445] [INFO] BlockchainSampleClient - [39mNode started via(process.argv): /usr/bin/node,/home/manoj/alliance-service/app.js
[32m[2017-10-09 12:57:16.445] [INFO] BlockchainSampleClient - [39mNode version: v6.11.4
[32m[2017-10-09 12:57:16.445] [INFO] BlockchainSampleClient - [39mNode and its dependency versions: {"http_parser":"2.7.0","node":"6.11.4","v8":"5.1.281.108","uv":"1.11.0","zlib":"1.2.11","ares":"1.10.1-DEV","icu":"58.2","modules":"48","openssl":"1.0.2l"}
[32m[2017-10-09 12:57:16.445] [INFO] BlockchainSampleClient - [39m
[32m[2017-10-09 12:57:16.446] [INFO] loggingHelper - [39mCreated logger for app.js at level ALL
[34m[2017-10-09 12:57:16.446] [TRACE] app.js - [39msetup : entry
[34m[2017-10-09 12:57:16.447] [TRACE] datastore.js - [39minit : entry 
[34m[2017-10-09 12:57:16.447] [TRACE] datastore.js - [39minit : params - {"name":"Cloudant NoSQL DB-vern","label":"cloudantNoSQLDB","plan":"Lite","credentials":{"username":"d4616de4-d4c6-4488-ab47-f6e0ef97a5ae-bluemix","password":"22ae2ced59306872b1f8240778fcf33bb77e7d4490350705c58f1e2eb8c3bb22","host":"d4616de4-d4c6-4488-ab47-f6e0ef97a5ae-bluemix.cloudant.com","port":443,"url":"https://d4616de4-d4c6-4488-ab47-f6e0ef97a5ae-bluemix:22ae2ced59306872b1f8240778fcf33bb77e7d4490350705c58f1e2eb8c3bb22@d4616de4-d4c6-4488-ab47-f6e0ef97a5ae-bluemix.cloudant.com"}} 
[34m[2017-10-09 12:57:16.455] [TRACE] app.js - [39mgetCloudantKeyValStore : entry 
[34m[2017-10-09 12:57:16.456] [TRACE] app.js - [39mgetCloudantKeyValStore : params - "devworks_app_master" 
[34m[2017-10-09 12:57:16.456] [TRACE] datastore.js - [39mgetDbInstance : entry 
[34m[2017-10-09 12:57:16.457] [TRACE] datastore.js - [39mgetDbInstance : params - "devworks_app_master" 
[32m[2017-10-09 12:57:17.391] [INFO] datastore.js - [39mgetDbInstance : devworks_app_master already exists. - undefined
[34m[2017-10-09 12:57:17.397] [TRACE] blockchain_network - [39msetupBlockchain : entry 
[34m[2017-10-09 12:57:17.397] [TRACE] blockchain_network - [39msetupBlockchain : params - [Circular] 
[34m[2017-10-09 12:57:17.398] [TRACE] blockchain_network - [39mchainInit : entry 
[34m[2017-10-09 12:57:17.399] [TRACE] blockchain_network - [39mchainInit : params - [Circular] 
[32m[2017-10-09 12:57:17.402] [INFO] blockchain_network - [39mchainInit : Chain Initialized - Chain {  peers: [],  securityEnabled: true,  members: {},  tcertBatchSize: 200,  devMode: false,  preFetchMode: true,  deployWaitTime: 100,  invokeWaitTime: 5,  name: 'sc_cc',  eventHub:    EventHub {     txCallback: [Function],     chaincodeRegistrants: HashTable {},     blockRegistrants: Set {},     txRegistrants: HashTable {},     ep: null,     connected: false },  keyValStore: CloudantKeyValStore { dbName: 'devworks_app_master', dbInstance: [Object] } }
[32m[2017-10-09 12:57:17.404] [INFO] blockchain_network - [39mloadNetworkConfiguration : Successfully loaded network configuration - undefined
[34m[2017-10-09 12:57:17.500] [TRACE] blockchain_network - [39mdoLogin : entry
[34m[2017-10-09 12:57:17.512] [TRACE] kv_store_model - [39mget : entry 
[34m[2017-10-09 12:57:17.513] [TRACE] kv_store_model - [39mget : params - {"id":"member.WebAppAdmin"} 
[32m[2017-10-09 12:57:17.709] [INFO] kv_store_model - [39mget : successfully fetched member file with id member.WebAppAdmin - undefined
[32m[2017-10-09 12:57:17.719] [INFO] blockchain_network - [39mdoLogin : Successfully logged in user on blockchain: WebAppAdmin - undefined
[32m[2017-10-09 12:57:17.719] [INFO] blockchain_network - [39mconfigureNetwork : Successfully enrolled registrar: WebAppAdmin - undefined
[32m[2017-10-09 12:57:17.720] [INFO] blockchain_network - [39msetupBlockchain : blockchain setup complete - undefined
[34m[2017-10-09 12:57:17.723] [TRACE] kv_store_model - [39mget : entry 
[34m[2017-10-09 12:57:17.724] [TRACE] kv_store_model - [39mget : params - {"id":"member.risabh.s"} 
[32m[2017-10-09 12:57:17.914] [INFO] kv_store_model - [39mget : successfully fetched member file with id member.risabh.s - undefined
[32m[2017-10-09 12:57:17.927] [INFO] blockchain_sdk - [39mregisterUser : Successfully registered user on blockchain: risabh.s - undefined
[34m[2017-10-09 12:57:17.928] [TRACE] blockchain_sdk - [39mdoLogin : entry
[32m[2017-10-09 12:57:17.939] [INFO] blockchain_sdk - [39mdoLogin : Successfully logged in user on blockchain: risabh.s - undefined
[32m[2017-10-09 12:57:17.940] [INFO] console - [39mserver is running on8082
[32m[2017-10-09 13:01:17.800] [INFO] BlockchainSampleClient - [39m
[32m[2017-10-09 13:01:17.801] [INFO] BlockchainSampleClient - [39m-----------------------------------------------------------------------------
[32m[2017-10-09 13:01:17.802] [INFO] BlockchainSampleClient - [39m>>> BlockchainSampleClient env local, started Mon Oct 09 2017 13:01:17 GMT+0530 (IST) <<<
[32m[2017-10-09 13:01:17.802] [INFO] BlockchainSampleClient - [39m-----------------------------------------------------------------------------
[32m[2017-10-09 13:01:17.802] [INFO] BlockchainSampleClient - [39mNode started via(process.argv): /usr/bin/node,/home/manoj/alliance-service/app.js
[32m[2017-10-09 13:01:17.803] [INFO] BlockchainSampleClient - [39mNode version: v6.11.4
[32m[2017-10-09 13:01:17.803] [INFO] BlockchainSampleClient - [39mNode and its dependency versions: {"http_parser":"2.7.0","node":"6.11.4","v8":"5.1.281.108","uv":"1.11.0","zlib":"1.2.11","ares":"1.10.1-DEV","icu":"58.2","modules":"48","openssl":"1.0.2l"}
[32m[2017-10-09 13:01:17.804] [INFO] BlockchainSampleClient - [39m
[32m[2017-10-09 13:01:17.804] [INFO] loggingHelper - [39mCreated logger for app.js at level ALL
[34m[2017-10-09 13:01:17.805] [TRACE] app.js - [39msetup : entry
[34m[2017-10-09 13:01:17.806] [TRACE] datastore.js - [39minit : entry 
[34m[2017-10-09 13:01:17.806] [TRACE] datastore.js - [39minit : params - {"name":"Cloudant NoSQL DB-vern","label":"cloudantNoSQLDB","plan":"Lite","credentials":{"username":"d4616de4-d4c6-4488-ab47-f6e0ef97a5ae-bluemix","password":"22ae2ced59306872b1f8240778fcf33bb77e7d4490350705c58f1e2eb8c3bb22","host":"d4616de4-d4c6-4488-ab47-f6e0ef97a5ae-bluemix.cloudant.com","port":443,"url":"https://d4616de4-d4c6-4488-ab47-f6e0ef97a5ae-bluemix:22ae2ced59306872b1f8240778fcf33bb77e7d4490350705c58f1e2eb8c3bb22@d4616de4-d4c6-4488-ab47-f6e0ef97a5ae-bluemix.cloudant.com"}} 
[34m[2017-10-09 13:01:17.813] [TRACE] app.js - [39mgetCloudantKeyValStore : entry 
[34m[2017-10-09 13:01:17.814] [TRACE] app.js - [39mgetCloudantKeyValStore : params - "devworks_app_master" 
[34m[2017-10-09 13:01:17.814] [TRACE] datastore.js - [39mgetDbInstance : entry 
[34m[2017-10-09 13:01:17.814] [TRACE] datastore.js - [39mgetDbInstance : params - "devworks_app_master" 
[32m[2017-10-09 13:01:19.645] [INFO] datastore.js - [39mgetDbInstance : devworks_app_master already exists. - undefined
[34m[2017-10-09 13:01:19.651] [TRACE] blockchain_network - [39msetupBlockchain : entry 
[34m[2017-10-09 13:01:19.652] [TRACE] blockchain_network - [39msetupBlockchain : params - [Circular] 
[34m[2017-10-09 13:01:19.653] [TRACE] blockchain_network - [39mchainInit : entry 
[34m[2017-10-09 13:01:19.654] [TRACE] blockchain_network - [39mchainInit : params - [Circular] 
[32m[2017-10-09 13:01:19.659] [INFO] blockchain_network - [39mchainInit : Chain Initialized - Chain {  peers: [],  securityEnabled: true,  members: {},  tcertBatchSize: 200,  devMode: false,  preFetchMode: true,  deployWaitTime: 100,  invokeWaitTime: 5,  name: 'sc_cc',  eventHub:    EventHub {     txCallback: [Function],     chaincodeRegistrants: HashTable {},     blockRegistrants: Set {},     txRegistrants: HashTable {},     ep: null,     connected: false },  keyValStore: CloudantKeyValStore { dbName: 'devworks_app_master', dbInstance: [Object] } }
[32m[2017-10-09 13:01:19.660] [INFO] blockchain_network - [39mloadNetworkConfiguration : Successfully loaded network configuration - undefined
[34m[2017-10-09 13:01:19.803] [TRACE] blockchain_network - [39mdoLogin : entry
[34m[2017-10-09 13:01:19.818] [TRACE] kv_store_model - [39mget : entry 
[34m[2017-10-09 13:01:19.819] [TRACE] kv_store_model - [39mget : params - {"id":"member.WebAppAdmin"} 
[32m[2017-10-09 13:01:20.024] [INFO] kv_store_model - [39mget : successfully fetched member file with id member.WebAppAdmin - undefined
[32m[2017-10-09 13:01:20.041] [INFO] blockchain_network - [39mdoLogin : Successfully logged in user on blockchain: WebAppAdmin - undefined
[32m[2017-10-09 13:01:20.041] [INFO] blockchain_network - [39mconfigureNetwork : Successfully enrolled registrar: WebAppAdmin - undefined
[32m[2017-10-09 13:01:20.042] [INFO] blockchain_network - [39msetupBlockchain : blockchain setup complete - undefined
[34m[2017-10-09 13:01:20.044] [TRACE] kv_store_model - [39mget : entry 
[34m[2017-10-09 13:01:20.045] [TRACE] kv_store_model - [39mget : params - {"id":"member.risabh.s"} 
[32m[2017-10-09 13:01:20.238] [INFO] kv_store_model - [39mget : successfully fetched member file with id member.risabh.s - undefined
[32m[2017-10-09 13:01:20.250] [INFO] blockchain_sdk - [39mregisterUser : Successfully registered user on blockchain: risabh.s - undefined
[34m[2017-10-09 13:01:20.252] [TRACE] blockchain_sdk - [39mdoLogin : entry
[32m[2017-10-09 13:01:20.255] [INFO] blockchain_sdk - [39mdoLogin : Successfully logged in user on blockchain: risabh.s - undefined
[32m[2017-10-09 13:01:20.257] [INFO] console - [39mserver is running on8082
[32m[2017-10-09 13:04:44.069] [INFO] console - [39mentering login function in functions 
[32m[2017-10-09 13:04:44.069] [INFO] console - [39marun.hossamani@rapidqube.com
[32m[2017-10-09 13:04:44.070] [INFO] console - [39m123456
[32m[2017-10-09 13:04:51.817] [INFO] console - [39midBwbMwA6b1HhE14/uLWpyRWKq33+AUBH6wzR6mC8t9J0=
[32m[2017-10-09 13:04:51.820] [INFO] console - [39m{ user: 'dhananjay.p', getconsignment: 'getconsignment' } 'data in params for query method'
[32m[2017-10-09 13:04:51.823] [INFO] console - [39mCreate a client and set the wallet location
[32m[2017-10-09 13:04:51.829] [INFO] console - [39mSet wallet path, and associate user  PeerAdmin  with application
[31m[2017-10-09 13:04:51.991] [ERROR] console - [39mCaught Error Error: Private key missing from key store. Can not establish the signing identity for user PeerAdmin
    at _cryptoSuite.importKey.then.then (/home/manoj/alliance-service/node_modules/fabric-client/lib/User.js:255:11)
[32m[2017-10-09 13:04:51.992] [INFO] console - [39mdata in policyArray undefined
[31m[2017-10-09 13:04:51.995] [ERROR] console - [39m(node:23442) UnhandledPromiseRejectionWarning: Unhandled promise rejection (rejection id: 2): RangeError: Invalid status code: 0
[32m[2017-10-09 13:05:08.875] [INFO] console - [39mBwbMwA6b1HhE14/uLWpyRWKq33+AUBH6wzR6mC8t9J0=
[32m[2017-10-09 13:05:09.087] [INFO] console - [39m[]
[32m[2017-10-09 13:05:09.088] [INFO] console - [39m{ status: 201, policylist: [] }
[32m[2017-10-09 13:05:56.034] [INFO] console - [39midBwbMwA6b1HhE14/uLWpyRWKq33+AUBH6wzR6mC8t9J0=
[32m[2017-10-09 13:05:56.035] [INFO] console - [39mstatusnew
[32m[2017-10-09 13:05:56.036] [INFO] console - [39m_id
[32m[2017-10-09 13:05:56.037] [INFO] console - [39mconsignmentWeight:5800
[32m[2017-10-09 13:05:56.039] [INFO] console - [39mconsignmentValue:23589
[32m[2017-10-09 13:05:56.039] [INFO] console - [39mmodeofTransport:Roadways
[32m[2017-10-09 13:05:56.040] [INFO] console - [39mpackingMode:abcd
[32m[2017-10-09 13:05:56.040] [INFO] console - [39mconsignmentType:yyy
[32m[2017-10-09 13:05:56.041] [INFO] console - [39mcontractType:CIS
[32m[2017-10-09 13:05:56.042] [INFO] console - [39mpolicyType:Multi Transient Policy
[32m[2017-10-09 13:05:56.042] [INFO] console - [39minvoiceNo:2580
[32m[2017-10-09 13:05:56.043] [INFO] console - [39mpolicyIssueDate:09-10-2017
[32m[2017-10-09 13:05:56.043] [INFO] console - [39mpolicyEndDate:19-10-2017
[32m[2017-10-09 13:05:56.043] [INFO] console - [39mvoyageStartDate:12-10-2017
[32m[2017-10-09 13:05:56.043] [INFO] console - [39mvoyageEndDate:14-10-2017
[32m[2017-10-09 13:05:56.261] [INFO] console - [39m_id59db26dc359eba5b9292dec0
[32m[2017-10-09 13:06:11.895] [INFO] console - [39midBwbMwA6b1HhE14/uLWpyRWKq33+AUBH6wzR6mC8t9J0=
[32m[2017-10-09 13:06:11.896] [INFO] console - [39m_id59db26dc359eba5b9292dec0
[32m[2017-10-09 13:06:11.896] [INFO] console - [39mconsignmentWeight:5800
[32m[2017-10-09 13:06:11.896] [INFO] console - [39mconsignmentValue:23589
[32m[2017-10-09 13:06:11.897] [INFO] console - [39mpolicyName:Everest Re Group, Ltd.
[32m[2017-10-09 13:06:11.897] [INFO] console - [39msumInsured:125000
[32m[2017-10-09 13:06:11.897] [INFO] console - [39mpremiumAmount:5000
[32m[2017-10-09 13:06:11.898] [INFO] console - [39mmodeofTransportRoadways
[32m[2017-10-09 13:06:11.898] [INFO] console - [39mpackingMode:abcd
[32m[2017-10-09 13:06:11.898] [INFO] console - [39mconsignmentType:yyy
[32m[2017-10-09 13:06:11.899] [INFO] console - [39mcontractType:CIS
[32m[2017-10-09 13:06:11.899] [INFO] console - [39mpolicyType:Multi Transient Policy
[32m[2017-10-09 13:06:11.900] [INFO] console - [39memail:arun.hossamani@rapidqube.com
[32m[2017-10-09 13:06:11.900] [INFO] console - [39mpolicyHolderName:arun
[32m[2017-10-09 13:06:11.901] [INFO] console - [39muserType:Direct Clients
[32m[2017-10-09 13:06:11.901] [INFO] console - [39minvoiceNo:2580
[32m[2017-10-09 13:06:11.903] [INFO] console - [39mpolicyIssueDate:09-10-2017
[32m[2017-10-09 13:06:11.903] [INFO] console - [39mpolicyEndDate:19-10-2017
[32m[2017-10-09 13:06:11.903] [INFO] console - [39mvoyageStartDate:12-10-2017
[32m[2017-10-09 13:06:11.903] [INFO] console - [39mvoyageEndDate:14-10-2017
[32m[2017-10-09 13:06:12.103] [INFO] console - [39mundefined
[32m[2017-10-09 13:06:12.104] [INFO] console - [39mmessagedeleted succefully
[32m[2017-10-09 13:06:12.108] [INFO] console - [39mcalling SDK for policy
[32m[2017-10-09 13:06:12.109] [INFO] console - [39mCreate a client and set the wallet location
[32m[2017-10-09 13:06:12.111] [INFO] console - [39mSet wallet path, and associate user  PeerAdmin  with application
[31m[2017-10-09 13:06:12.121] [ERROR] console - [39mError: Private key missing from key store. Can not establish the signing identity for user PeerAdmin
    at _cryptoSuite.importKey.then.then (/home/manoj/alliance-service/node_modules/fabric-client/lib/User.js:255:11)
[31m[2017-10-09 13:06:12.121] [ERROR] console - [39mFailed to order the transaction. Error code: undefined
[32m[2017-10-09 13:06:12.769] [INFO] console - [39midBwbMwA6b1HhE14/uLWpyRWKq33+AUBH6wzR6mC8t9J0=
[32m[2017-10-09 13:06:12.770] [INFO] console - [39m{ user: 'dhananjay.p', getconsignment: 'getconsignment' } 'data in params for query method'
[32m[2017-10-09 13:06:12.772] [INFO] console - [39mCreate a client and set the wallet location
[32m[2017-10-09 13:06:12.774] [INFO] console - [39mSet wallet path, and associate user  PeerAdmin  with application
[31m[2017-10-09 13:06:12.779] [ERROR] console - [39mCaught Error Error: Private key missing from key store. Can not establish the signing identity for user PeerAdmin
    at _cryptoSuite.importKey.then.then (/home/manoj/alliance-service/node_modules/fabric-client/lib/User.js:255:11)
[32m[2017-10-09 13:06:12.781] [INFO] console - [39mdata in policyArray undefined
[31m[2017-10-09 13:06:12.783] [ERROR] console - [39m(node:23442) UnhandledPromiseRejectionWarning: Unhandled promise rejection (rejection id: 5): RangeError: Invalid status code: 0
[32m[2017-10-09 13:06:30.462] [INFO] console - [39midBwbMwA6b1HhE14/uLWpyRWKq33+AUBH6wzR6mC8t9J0=
[32m[2017-10-09 13:06:30.462] [INFO] console - [39m_id59db26dc359eba5b9292dec0
[32m[2017-10-09 13:06:30.462] [INFO] console - [39mconsignmentWeight:5800
[32m[2017-10-09 13:06:30.463] [INFO] console - [39mconsignmentValue:23589
[32m[2017-10-09 13:06:30.463] [INFO] console - [39mpolicyName:Everest Re Group, Ltd.
[32m[2017-10-09 13:06:30.463] [INFO] console - [39msumInsured:125000
[32m[2017-10-09 13:06:30.463] [INFO] console - [39mpremiumAmount:5000
[32m[2017-10-09 13:06:30.464] [INFO] console - [39mmodeofTransportRoadways
[32m[2017-10-09 13:06:30.464] [INFO] console - [39mpackingMode:abcd
[32m[2017-10-09 13:06:30.464] [INFO] console - [39mconsignmentType:yyy
[32m[2017-10-09 13:06:30.464] [INFO] console - [39mcontractType:CIS
[32m[2017-10-09 13:06:30.465] [INFO] console - [39mpolicyType:Multi Transient Policy
[32m[2017-10-09 13:06:30.465] [INFO] console - [39memail:arun.hossamani@rapidqube.com
[32m[2017-10-09 13:06:30.465] [INFO] console - [39mpolicyHolderName:arun
[32m[2017-10-09 13:06:30.465] [INFO] console - [39muserType:Direct Clients
[32m[2017-10-09 13:06:30.466] [INFO] console - [39minvoiceNo:2580
[32m[2017-10-09 13:06:30.466] [INFO] console - [39mpolicyIssueDate:09-10-2017
[32m[2017-10-09 13:06:30.466] [INFO] console - [39mpolicyEndDate:19-10-2017
[32m[2017-10-09 13:06:30.466] [INFO] console - [39mvoyageStartDate:12-10-2017
[32m[2017-10-09 13:06:30.467] [INFO] console - [39mvoyageEndDate:14-10-2017
[32m[2017-10-09 13:06:30.662] [INFO] console - [39mundefined
[32m[2017-10-09 13:06:30.663] [INFO] console - [39mmessagedeleted succefully
[32m[2017-10-09 13:06:30.664] [INFO] console - [39mcalling SDK for policy
[32m[2017-10-09 13:06:30.664] [INFO] console - [39mCreate a client and set the wallet location
[32m[2017-10-09 13:06:30.667] [INFO] console - [39mSet wallet path, and associate user  PeerAdmin  with application
[31m[2017-10-09 13:06:30.674] [ERROR] console - [39mError: Private key missing from key store. Can not establish the signing identity for user PeerAdmin
    at _cryptoSuite.importKey.then.then (/home/manoj/alliance-service/node_modules/fabric-client/lib/User.js:255:11)
[31m[2017-10-09 13:06:30.675] [ERROR] console - [39mFailed to order the transaction. Error code: undefined
[32m[2017-10-09 13:06:31.072] [INFO] console - [39midBwbMwA6b1HhE14/uLWpyRWKq33+AUBH6wzR6mC8t9J0=
[32m[2017-10-09 13:06:31.074] [INFO] console - [39m{ user: 'dhananjay.p', getconsignment: 'getconsignment' } 'data in params for query method'
[32m[2017-10-09 13:06:31.076] [INFO] console - [39mCreate a client and set the wallet location
[32m[2017-10-09 13:06:31.079] [INFO] console - [39mSet wallet path, and associate user  PeerAdmin  with application
[31m[2017-10-09 13:06:31.093] [ERROR] console - [39mCaught Error Error: Private key missing from key store. Can not establish the signing identity for user PeerAdmin
    at _cryptoSuite.importKey.then.then (/home/manoj/alliance-service/node_modules/fabric-client/lib/User.js:255:11)
[32m[2017-10-09 13:06:31.099] [INFO] console - [39mdata in policyArray undefined
[31m[2017-10-09 13:06:31.103] [ERROR] console - [39m(node:23442) UnhandledPromiseRejectionWarning: Unhandled promise rejection (rejection id: 8): RangeError: Invalid status code: 0
[32m[2017-10-09 13:06:53.407] [INFO] console - [39midBwbMwA6b1HhE14/uLWpyRWKq33+AUBH6wzR6mC8t9J0=
[32m[2017-10-09 13:06:53.408] [INFO] console - [39m{ user: 'dhananjay.p', getconsignment: 'getconsignment' } 'data in params for query method'
[32m[2017-10-09 13:06:53.409] [INFO] console - [39mCreate a client and set the wallet location
[32m[2017-10-09 13:06:53.411] [INFO] console - [39mSet wallet path, and associate user  PeerAdmin  with application
[31m[2017-10-09 13:06:53.418] [ERROR] console - [39mCaught Error Error: Private key missing from key store. Can not establish the signing identity for user PeerAdmin
    at _cryptoSuite.importKey.then.then (/home/manoj/alliance-service/node_modules/fabric-client/lib/User.js:255:11)
[32m[2017-10-09 13:06:53.418] [INFO] console - [39mdata in policyArray undefined
[31m[2017-10-09 13:06:53.419] [ERROR] console - [39m(node:23442) UnhandledPromiseRejectionWarning: Unhandled promise rejection (rejection id: 10): RangeError: Invalid status code: 0
[32m[2017-10-09 13:07:08.619] [INFO] console - [39midBwbMwA6b1HhE14/uLWpyRWKq33+AUBH6wzR6mC8t9J0=
[32m[2017-10-09 13:07:08.621] [INFO] console - [39m{ user: 'dhananjay.p', getconsignment: 'getconsignment' } 'data in params for query method'
[32m[2017-10-09 13:07:08.623] [INFO] console - [39mCreate a client and set the wallet location
[32m[2017-10-09 13:07:08.623] [INFO] console - [39mSet wallet path, and associate user  PeerAdmin  with application
[31m[2017-10-09 13:07:08.629] [ERROR] console - [39mCaught Error Error: Private key missing from key store. Can not establish the signing identity for user PeerAdmin
    at _cryptoSuite.importKey.then.then (/home/manoj/alliance-service/node_modules/fabric-client/lib/User.js:255:11)
[32m[2017-10-09 13:07:08.630] [INFO] console - [39mdata in policyArray undefined
[31m[2017-10-09 13:07:08.630] [ERROR] console - [39m(node:23442) UnhandledPromiseRejectionWarning: Unhandled promise rejection (rejection id: 12): RangeError: Invalid status code: 0
[32m[2017-10-09 13:07:09.727] [INFO] console - [39midBwbMwA6b1HhE14/uLWpyRWKq33+AUBH6wzR6mC8t9J0=
[32m[2017-10-09 13:07:09.727] [INFO] console - [39m{ user: 'dhananjay.p', getconsignment: 'getconsignment' } 'data in params for query method'
[32m[2017-10-09 13:07:09.728] [INFO] console - [39mCreate a client and set the wallet location
[32m[2017-10-09 13:07:09.729] [INFO] console - [39mSet wallet path, and associate user  PeerAdmin  with application
[31m[2017-10-09 13:07:09.737] [ERROR] console - [39mCaught Error Error: Private key missing from key store. Can not establish the signing identity for user PeerAdmin
    at _cryptoSuite.importKey.then.then (/home/manoj/alliance-service/node_modules/fabric-client/lib/User.js:255:11)
[32m[2017-10-09 13:07:09.739] [INFO] console - [39mdata in policyArray undefined
[31m[2017-10-09 13:07:09.740] [ERROR] console - [39m(node:23442) UnhandledPromiseRejectionWarning: Unhandled promise rejection (rejection id: 14): RangeError: Invalid status code: 0
[32m[2017-10-09 13:08:59.148] [INFO] BlockchainSampleClient - [39m
[32m[2017-10-09 13:08:59.150] [INFO] BlockchainSampleClient - [39m-----------------------------------------------------------------------------
[32m[2017-10-09 13:08:59.151] [INFO] BlockchainSampleClient - [39m>>> BlockchainSampleClient env local, started Mon Oct 09 2017 13:08:59 GMT+0530 (IST) <<<
[32m[2017-10-09 13:08:59.152] [INFO] BlockchainSampleClient - [39m-----------------------------------------------------------------------------
[32m[2017-10-09 13:08:59.152] [INFO] BlockchainSampleClient - [39mNode started via(process.argv): /usr/bin/node,/home/manoj/alliance-service/app.js
[32m[2017-10-09 13:08:59.152] [INFO] BlockchainSampleClient - [39mNode version: v6.11.4
[32m[2017-10-09 13:08:59.152] [INFO] BlockchainSampleClient - [39mNode and its dependency versions: {"http_parser":"2.7.0","node":"6.11.4","v8":"5.1.281.108","uv":"1.11.0","zlib":"1.2.11","ares":"1.10.1-DEV","icu":"58.2","modules":"48","openssl":"1.0.2l"}
[32m[2017-10-09 13:08:59.153] [INFO] BlockchainSampleClient - [39m
[32m[2017-10-09 13:08:59.153] [INFO] loggingHelper - [39mCreated logger for app.js at level ALL
[34m[2017-10-09 13:08:59.154] [TRACE] app.js - [39msetup : entry
[34m[2017-10-09 13:08:59.155] [TRACE] datastore.js - [39minit : entry 
[34m[2017-10-09 13:08:59.155] [TRACE] datastore.js - [39minit : params - {"name":"Cloudant NoSQL DB-vern","label":"cloudantNoSQLDB","plan":"Lite","credentials":{"username":"d4616de4-d4c6-4488-ab47-f6e0ef97a5ae-bluemix","password":"22ae2ced59306872b1f8240778fcf33bb77e7d4490350705c58f1e2eb8c3bb22","host":"d4616de4-d4c6-4488-ab47-f6e0ef97a5ae-bluemix.cloudant.com","port":443,"url":"https://d4616de4-d4c6-4488-ab47-f6e0ef97a5ae-bluemix:22ae2ced59306872b1f8240778fcf33bb77e7d4490350705c58f1e2eb8c3bb22@d4616de4-d4c6-4488-ab47-f6e0ef97a5ae-bluemix.cloudant.com"}} 
[34m[2017-10-09 13:08:59.161] [TRACE] app.js - [39mgetCloudantKeyValStore : entry 
[34m[2017-10-09 13:08:59.161] [TRACE] app.js - [39mgetCloudantKeyValStore : params - "devworks_app_master" 
[34m[2017-10-09 13:08:59.162] [TRACE] datastore.js - [39mgetDbInstance : entry 
[34m[2017-10-09 13:08:59.162] [TRACE] datastore.js - [39mgetDbInstance : params - "devworks_app_master" 
[32m[2017-10-09 13:09:00.001] [INFO] datastore.js - [39mgetDbInstance : devworks_app_master already exists. - undefined
[34m[2017-10-09 13:09:00.006] [TRACE] blockchain_network - [39msetupBlockchain : entry 
[34m[2017-10-09 13:09:00.006] [TRACE] blockchain_network - [39msetupBlockchain : params - [Circular] 
[34m[2017-10-09 13:09:00.007] [TRACE] blockchain_network - [39mchainInit : entry 
[34m[2017-10-09 13:09:00.007] [TRACE] blockchain_network - [39mchainInit : params - [Circular] 
[32m[2017-10-09 13:09:00.010] [INFO] blockchain_network - [39mchainInit : Chain Initialized - Chain {  peers: [],  securityEnabled: true,  members: {},  tcertBatchSize: 200,  devMode: false,  preFetchMode: true,  deployWaitTime: 100,  invokeWaitTime: 5,  name: 'sc_cc',  eventHub:    EventHub {     txCallback: [Function],     chaincodeRegistrants: HashTable {},     blockRegistrants: Set {},     txRegistrants: HashTable {},     ep: null,     connected: false },  keyValStore: CloudantKeyValStore { dbName: 'devworks_app_master', dbInstance: [Object] } }
[32m[2017-10-09 13:09:00.012] [INFO] blockchain_network - [39mloadNetworkConfiguration : Successfully loaded network configuration - undefined
[34m[2017-10-09 13:09:00.095] [TRACE] blockchain_network - [39mdoLogin : entry
[34m[2017-10-09 13:09:00.106] [TRACE] kv_store_model - [39mget : entry 
[34m[2017-10-09 13:09:00.106] [TRACE] kv_store_model - [39mget : params - {"id":"member.WebAppAdmin"} 
[32m[2017-10-09 13:09:00.307] [INFO] kv_store_model - [39mget : successfully fetched member file with id member.WebAppAdmin - undefined
[32m[2017-10-09 13:09:00.316] [INFO] blockchain_network - [39mdoLogin : Successfully logged in user on blockchain: WebAppAdmin - undefined
[32m[2017-10-09 13:09:00.317] [INFO] blockchain_network - [39mconfigureNetwork : Successfully enrolled registrar: WebAppAdmin - undefined
[32m[2017-10-09 13:09:00.317] [INFO] blockchain_network - [39msetupBlockchain : blockchain setup complete - undefined
[34m[2017-10-09 13:09:00.320] [TRACE] kv_store_model - [39mget : entry 
[34m[2017-10-09 13:09:00.320] [TRACE] kv_store_model - [39mget : params - {"id":"member.risabh.s"} 
[32m[2017-10-09 13:09:00.515] [INFO] kv_store_model - [39mget : successfully fetched member file with id member.risabh.s - undefined
[32m[2017-10-09 13:09:00.529] [INFO] blockchain_sdk - [39mregisterUser : Successfully registered user on blockchain: risabh.s - undefined
[34m[2017-10-09 13:09:00.531] [TRACE] blockchain_sdk - [39mdoLogin : entry
[32m[2017-10-09 13:09:00.535] [INFO] blockchain_sdk - [39mdoLogin : Successfully logged in user on blockchain: risabh.s - undefined
[32m[2017-10-09 13:09:00.535] [INFO] console - [39mserver is running on8082
[32m[2017-10-09 13:09:26.712] [INFO] console - [39mentering login function in functions 
[32m[2017-10-09 13:09:26.713] [INFO] console - [39marun.hossamani@rapidqube.com
[32m[2017-10-09 13:09:26.713] [INFO] console - [39m123456
[32m[2017-10-09 13:10:35.968] [INFO] console - [39midBwbMwA6b1HhE14/uLWpyRWKq33+AUBH6wzR6mC8t9J0=
[32m[2017-10-09 13:10:35.968] [INFO] console - [39mstatusnew
[32m[2017-10-09 13:10:35.968] [INFO] console - [39m_id
[32m[2017-10-09 13:10:35.968] [INFO] console - [39mconsignmentWeight:5801
[32m[2017-10-09 13:10:35.968] [INFO] console - [39mconsignmentValue:25800
[32m[2017-10-09 13:10:35.969] [INFO] console - [39mmodeofTransport:Roadways
[32m[2017-10-09 13:10:35.969] [INFO] console - [39mpackingMode:abcd
[32m[2017-10-09 13:10:35.969] [INFO] console - [39mconsignmentType:yyy
[32m[2017-10-09 13:10:35.969] [INFO] console - [39mcontractType:CIP
[32m[2017-10-09 13:10:35.969] [INFO] console - [39mpolicyType:Single Transient Policy
[32m[2017-10-09 13:10:35.969] [INFO] console - [39minvoiceNo:2580
[32m[2017-10-09 13:10:35.970] [INFO] console - [39mpolicyIssueDate:09-10-2017
[32m[2017-10-09 13:10:35.970] [INFO] console - [39mpolicyEndDate:19-10-2017
[32m[2017-10-09 13:10:35.970] [INFO] console - [39mvoyageStartDate:20-10-2017
[32m[2017-10-09 13:10:35.971] [INFO] console - [39mvoyageEndDate:31-10-2017
[32m[2017-10-09 13:10:36.201] [INFO] console - [39m_id59db27f3998e776081113ae1
[32m[2017-10-09 13:11:02.268] [INFO] console - [39midBwbMwA6b1HhE14/uLWpyRWKq33+AUBH6wzR6mC8t9J0=
[32m[2017-10-09 13:11:02.269] [INFO] console - [39m_id59db27f3998e776081113ae1
[32m[2017-10-09 13:11:02.270] [INFO] console - [39mconsignmentWeight:5801
[32m[2017-10-09 13:11:02.271] [INFO] console - [39mconsignmentValue:25800
[32m[2017-10-09 13:11:02.271] [INFO] console - [39mpolicyName:Federated National Holding Company
[32m[2017-10-09 13:11:02.272] [INFO] console - [39msumInsured:125000
[32m[2017-10-09 13:11:02.272] [INFO] console - [39mpremiumAmount:5000
[32m[2017-10-09 13:11:02.273] [INFO] console - [39mmodeofTransportRoadways
[32m[2017-10-09 13:11:02.273] [INFO] console - [39mpackingMode:abcd
[32m[2017-10-09 13:11:02.273] [INFO] console - [39mconsignmentType:yyy
[32m[2017-10-09 13:11:02.275] [INFO] console - [39mcontractType:CIP
[32m[2017-10-09 13:11:02.278] [INFO] console - [39mpolicyType:Single Transient Policy
[32m[2017-10-09 13:11:02.278] [INFO] console - [39memail:arun.hossamani@rapidqube.com
[32m[2017-10-09 13:11:02.279] [INFO] console - [39mpolicyHolderName:arun
[32m[2017-10-09 13:11:02.279] [INFO] console - [39muserType:Direct Clients
[32m[2017-10-09 13:11:02.279] [INFO] console - [39minvoiceNo:2580
[32m[2017-10-09 13:11:02.279] [INFO] console - [39mpolicyIssueDate:09-10-2017
[32m[2017-10-09 13:11:02.279] [INFO] console - [39mpolicyEndDate:19-10-2017
[32m[2017-10-09 13:11:02.279] [INFO] console - [39mvoyageStartDate:20-10-2017
[32m[2017-10-09 13:11:02.279] [INFO] console - [39mvoyageEndDate:31-10-2017
[32m[2017-10-09 13:11:02.489] [INFO] console - [39mundefined
[32m[2017-10-09 13:11:02.491] [INFO] console - [39mmessagedeleted succefully
[32m[2017-10-09 13:11:02.497] [INFO] console - [39mcalling SDK for policy
[32m[2017-10-09 13:11:02.498] [INFO] console - [39mCreate a client and set the wallet location
[32m[2017-10-09 13:11:02.504] [INFO] console - [39mSet wallet path, and associate user  PeerAdmin  with application
[31m[2017-10-09 13:11:02.670] [ERROR] console - [39mError: Private key missing from key store. Can not establish the signing identity for user PeerAdmin
    at _cryptoSuite.importKey.then.then (/home/manoj/alliance-service/node_modules/fabric-client/lib/User.js:255:11)
[31m[2017-10-09 13:11:02.670] [ERROR] console - [39mFailed to order the transaction. Error code: undefined
[32m[2017-10-09 13:11:03.608] [INFO] console - [39midBwbMwA6b1HhE14/uLWpyRWKq33+AUBH6wzR6mC8t9J0=
[32m[2017-10-09 13:11:03.610] [INFO] console - [39m{ user: 'dhananjay.p', getconsignment: 'getconsignment' } 'data in params for query method'
[32m[2017-10-09 13:11:03.615] [INFO] console - [39mCreate a client and set the wallet location
[32m[2017-10-09 13:11:03.617] [INFO] console - [39mSet wallet path, and associate user  PeerAdmin  with application
[31m[2017-10-09 13:11:03.623] [ERROR] console - [39mCaught Error Error: Private key missing from key store. Can not establish the signing identity for user PeerAdmin
    at _cryptoSuite.importKey.then.then (/home/manoj/alliance-service/node_modules/fabric-client/lib/User.js:255:11)
[32m[2017-10-09 13:11:03.624] [INFO] console - [39mdata in policyArray undefined
[31m[2017-10-09 13:11:03.627] [ERROR] console - [39m(node:24705) UnhandledPromiseRejectionWarning: Unhandled promise rejection (rejection id: 3): RangeError: Invalid status code: 0
[32m[2017-10-09 13:11:32.424] [INFO] console - [39midBwbMwA6b1HhE14/uLWpyRWKq33+AUBH6wzR6mC8t9J0=
[32m[2017-10-09 13:11:32.426] [INFO] console - [39m{ user: 'risabh.s', getclaims: 'getclaims' } 'data in params for query method'
[32m[2017-10-09 13:11:32.427] [INFO] console - [39mCreate a client and set the wallet location
[32m[2017-10-09 13:11:32.429] [INFO] console - [39mSet wallet path, and associate user  PeerAdmin  with application
[31m[2017-10-09 13:11:32.436] [ERROR] console - [39mCaught Error Error: Private key missing from key store. Can not establish the signing identity for user PeerAdmin
    at _cryptoSuite.importKey.then.then (/home/manoj/alliance-service/node_modules/fabric-client/lib/User.js:255:11)
[32m[2017-10-09 13:11:32.437] [INFO] console - [39mdata in claimArray undefined
[31m[2017-10-09 13:11:32.438] [ERROR] console - [39m(node:24705) UnhandledPromiseRejectionWarning: Unhandled promise rejection (rejection id: 5): RangeError: Invalid status code: 0
[32m[2017-10-09 13:11:37.152] [INFO] console - [39midBwbMwA6b1HhE14/uLWpyRWKq33+AUBH6wzR6mC8t9J0=
[32m[2017-10-09 13:11:37.152] [INFO] console - [39m{ user: 'risabh.s', getclaims: 'getclaims' } 'data in params for query method'
[32m[2017-10-09 13:11:37.153] [INFO] console - [39mCreate a client and set the wallet location
[32m[2017-10-09 13:11:37.155] [INFO] console - [39mSet wallet path, and associate user  PeerAdmin  with application
[31m[2017-10-09 13:11:37.161] [ERROR] console - [39mCaught Error Error: Private key missing from key store. Can not establish the signing identity for user PeerAdmin
    at _cryptoSuite.importKey.then.then (/home/manoj/alliance-service/node_modules/fabric-client/lib/User.js:255:11)
[32m[2017-10-09 13:11:37.165] [INFO] console - [39mdata in claimArray undefined
[31m[2017-10-09 13:11:37.166] [ERROR] console - [39m(node:24705) UnhandledPromiseRejectionWarning: Unhandled promise rejection (rejection id: 7): RangeError: Invalid status code: 0
[32m[2017-10-09 13:11:40.490] [INFO] console - [39midBwbMwA6b1HhE14/uLWpyRWKq33+AUBH6wzR6mC8t9J0=
[32m[2017-10-09 13:11:40.491] [INFO] console - [39m{ user: 'risabh.s', getclaims: 'getclaims' } 'data in params for query method'
[32m[2017-10-09 13:11:40.494] [INFO] console - [39mCreate a client and set the wallet location
[32m[2017-10-09 13:11:40.496] [INFO] console - [39mSet wallet path, and associate user  PeerAdmin  with application
[31m[2017-10-09 13:11:40.506] [ERROR] console - [39mCaught Error Error: Private key missing from key store. Can not establish the signing identity for user PeerAdmin
    at _cryptoSuite.importKey.then.then (/home/manoj/alliance-service/node_modules/fabric-client/lib/User.js:255:11)
[32m[2017-10-09 13:11:40.506] [INFO] console - [39mdata in claimArray undefined
[31m[2017-10-09 13:11:40.507] [ERROR] console - [39m(node:24705) UnhandledPromiseRejectionWarning: Unhandled promise rejection (rejection id: 9): RangeError: Invalid status code: 0
[32m[2017-10-09 13:11:45.023] [INFO] console - [39mBwbMwA6b1HhE14/uLWpyRWKq33+AUBH6wzR6mC8t9J0=
[32m[2017-10-09 13:11:45.240] [INFO] console - [39m[]
[32m[2017-10-09 13:11:45.242] [INFO] console - [39m{ status: 201, policylist: [] }
[32m[2017-10-09 13:12:15.737] [INFO] console - [39mBwbMwA6b1HhE14/uLWpyRWKq33+AUBH6wzR6mC8t9J0=
[32m[2017-10-09 13:12:15.941] [INFO] console - [39m[]
[32m[2017-10-09 13:12:15.942] [INFO] console - [39m{ status: 201, policylist: [] }
[32m[2017-10-09 13:13:05.051] [INFO] console - [39midBwbMwA6b1HhE14/uLWpyRWKq33+AUBH6wzR6mC8t9J0=
[32m[2017-10-09 13:13:05.051] [INFO] console - [39m{ user: 'dhananjay.p', getconsignment: 'getconsignment' } 'data in params for query method'
[32m[2017-10-09 13:13:05.053] [INFO] console - [39mCreate a client and set the wallet location
[32m[2017-10-09 13:13:05.055] [INFO] console - [39mSet wallet path, and associate user  PeerAdmin  with application
[31m[2017-10-09 13:13:05.061] [ERROR] console - [39mCaught Error Error: Private key missing from key store. Can not establish the signing identity for user PeerAdmin
    at _cryptoSuite.importKey.then.then (/home/manoj/alliance-service/node_modules/fabric-client/lib/User.js:255:11)
[32m[2017-10-09 13:13:05.062] [INFO] console - [39mdata in policyArray undefined
[31m[2017-10-09 13:13:05.063] [ERROR] console - [39m(node:24705) UnhandledPromiseRejectionWarning: Unhandled promise rejection (rejection id: 11): RangeError: Invalid status code: 0
[32m[2017-10-09 13:13:29.137] [INFO] console - [39mentering login function in functions 
[32m[2017-10-09 13:13:29.138] [INFO] console - [39marun.hossamani93@gmail.com
[32m[2017-10-09 13:13:29.138] [INFO] console - [39m123456
[32m[2017-10-09 13:13:40.061] [INFO] BlockchainSampleClient - [39m
[32m[2017-10-09 13:13:40.064] [INFO] BlockchainSampleClient - [39m-----------------------------------------------------------------------------
[32m[2017-10-09 13:13:40.064] [INFO] BlockchainSampleClient - [39m>>> BlockchainSampleClient env local, started Mon Oct 09 2017 13:13:40 GMT+0530 (IST) <<<
[32m[2017-10-09 13:13:40.064] [INFO] BlockchainSampleClient - [39m-----------------------------------------------------------------------------
[32m[2017-10-09 13:13:40.065] [INFO] BlockchainSampleClient - [39mNode started via(process.argv): /usr/bin/node,/home/manoj/alliance-service/app.js
[32m[2017-10-09 13:13:40.065] [INFO] BlockchainSampleClient - [39mNode version: v6.11.4
[32m[2017-10-09 13:13:40.065] [INFO] BlockchainSampleClient - [39mNode and its dependency versions: {"http_parser":"2.7.0","node":"6.11.4","v8":"5.1.281.108","uv":"1.11.0","zlib":"1.2.11","ares":"1.10.1-DEV","icu":"58.2","modules":"48","openssl":"1.0.2l"}
[32m[2017-10-09 13:13:40.065] [INFO] BlockchainSampleClient - [39m
[32m[2017-10-09 13:13:40.066] [INFO] loggingHelper - [39mCreated logger for app.js at level ALL
[34m[2017-10-09 13:13:40.067] [TRACE] app.js - [39msetup : entry
[34m[2017-10-09 13:13:40.067] [TRACE] datastore.js - [39minit : entry 
[34m[2017-10-09 13:13:40.068] [TRACE] datastore.js - [39minit : params - {"name":"Cloudant NoSQL DB-vern","label":"cloudantNoSQLDB","plan":"Lite","credentials":{"username":"d4616de4-d4c6-4488-ab47-f6e0ef97a5ae-bluemix","password":"22ae2ced59306872b1f8240778fcf33bb77e7d4490350705c58f1e2eb8c3bb22","host":"d4616de4-d4c6-4488-ab47-f6e0ef97a5ae-bluemix.cloudant.com","port":443,"url":"https://d4616de4-d4c6-4488-ab47-f6e0ef97a5ae-bluemix:22ae2ced59306872b1f8240778fcf33bb77e7d4490350705c58f1e2eb8c3bb22@d4616de4-d4c6-4488-ab47-f6e0ef97a5ae-bluemix.cloudant.com"}} 
[34m[2017-10-09 13:13:40.076] [TRACE] app.js - [39mgetCloudantKeyValStore : entry 
[34m[2017-10-09 13:13:40.077] [TRACE] app.js - [39mgetCloudantKeyValStore : params - "devworks_app_master" 
[34m[2017-10-09 13:13:40.077] [TRACE] datastore.js - [39mgetDbInstance : entry 
[34m[2017-10-09 13:13:40.077] [TRACE] datastore.js - [39mgetDbInstance : params - "devworks_app_master" 
[32m[2017-10-09 13:13:40.916] [INFO] datastore.js - [39mgetDbInstance : devworks_app_master already exists. - undefined
[34m[2017-10-09 13:13:40.921] [TRACE] blockchain_network - [39msetupBlockchain : entry 
[34m[2017-10-09 13:13:40.921] [TRACE] blockchain_network - [39msetupBlockchain : params - [Circular] 
[34m[2017-10-09 13:13:40.922] [TRACE] blockchain_network - [39mchainInit : entry 
[34m[2017-10-09 13:13:40.923] [TRACE] blockchain_network - [39mchainInit : params - [Circular] 
[32m[2017-10-09 13:13:40.926] [INFO] blockchain_network - [39mchainInit : Chain Initialized - Chain {  peers: [],  securityEnabled: true,  members: {},  tcertBatchSize: 200,  devMode: false,  preFetchMode: true,  deployWaitTime: 100,  invokeWaitTime: 5,  name: 'sc_cc',  eventHub:    EventHub {     txCallback: [Function],     chaincodeRegistrants: HashTable {},     blockRegistrants: Set {},     txRegistrants: HashTable {},     ep: null,     connected: false },  keyValStore: CloudantKeyValStore { dbName: 'devworks_app_master', dbInstance: [Object] } }
[32m[2017-10-09 13:13:40.927] [INFO] blockchain_network - [39mloadNetworkConfiguration : Successfully loaded network configuration - undefined
[34m[2017-10-09 13:13:41.012] [TRACE] blockchain_network - [39mdoLogin : entry
[34m[2017-10-09 13:13:41.023] [TRACE] kv_store_model - [39mget : entry 
[34m[2017-10-09 13:13:41.023] [TRACE] kv_store_model - [39mget : params - {"id":"member.WebAppAdmin"} 
[32m[2017-10-09 13:13:41.220] [INFO] kv_store_model - [39mget : successfully fetched member file with id member.WebAppAdmin - undefined
[32m[2017-10-09 13:13:41.234] [INFO] blockchain_network - [39mdoLogin : Successfully logged in user on blockchain: WebAppAdmin - undefined
[32m[2017-10-09 13:13:41.234] [INFO] blockchain_network - [39mconfigureNetwork : Successfully enrolled registrar: WebAppAdmin - undefined
[32m[2017-10-09 13:13:41.235] [INFO] blockchain_network - [39msetupBlockchain : blockchain setup complete - undefined
[34m[2017-10-09 13:13:41.239] [TRACE] kv_store_model - [39mget : entry 
[34m[2017-10-09 13:13:41.239] [TRACE] kv_store_model - [39mget : params - {"id":"member.risabh.s"} 
[32m[2017-10-09 13:13:41.437] [INFO] kv_store_model - [39mget : successfully fetched member file with id member.risabh.s - undefined
[32m[2017-10-09 13:13:41.444] [INFO] blockchain_sdk - [39mregisterUser : Successfully registered user on blockchain: risabh.s - undefined
[34m[2017-10-09 13:13:41.445] [TRACE] blockchain_sdk - [39mdoLogin : entry
[32m[2017-10-09 13:13:41.448] [INFO] blockchain_sdk - [39mdoLogin : Successfully logged in user on blockchain: risabh.s - undefined
[32m[2017-10-09 13:13:41.448] [INFO] console - [39mserver is running on8082
[32m[2017-10-09 13:14:13.310] [INFO] console - [39mentering login function in functions 
[32m[2017-10-09 13:14:13.311] [INFO] console - [39marun.hossamani93@gmail.com
[32m[2017-10-09 13:14:13.311] [INFO] console - [39m123456
[32m[2017-10-09 13:14:39.089] [INFO] console - [39mentering login function in functions 
[32m[2017-10-09 13:14:39.090] [INFO] console - [39maurn.hossamani93@gmail.com
[32m[2017-10-09 13:14:39.092] [INFO] console - [39m123456
[32m[2017-10-09 13:15:05.616] [INFO] console - [39mentering login function in functions 
[32m[2017-10-09 13:15:05.618] [INFO] console - [39mrishabh.sharma@rapidqube.com
[32m[2017-10-09 13:15:05.619] [INFO] console - [39m123456
[32m[2017-10-09 13:15:43.937] [INFO] console - [39mentering login function in functions 
[32m[2017-10-09 13:15:43.938] [INFO] console - [39mshraddha.kharat@rapidqube.com
[32m[2017-10-09 13:15:43.938] [INFO] console - [39m123456
[32m[2017-10-09 13:15:50.598] [INFO] console - [39midPNjEWoakNFMckM5pZorvNYRoOGvZzwJBAjjBus+jJXI=
[32m[2017-10-09 13:15:50.600] [INFO] console - [39m{ user: 'risabh.s', getclaims: 'getclaims' } 'data in params for query method'
[32m[2017-10-09 13:15:50.603] [INFO] console - [39mCreate a client and set the wallet location
[32m[2017-10-09 13:15:50.608] [INFO] console - [39mSet wallet path, and associate user  PeerAdmin  with application
[31m[2017-10-09 13:15:50.773] [ERROR] console - [39mCaught Error Error: Private key missing from key store. Can not establish the signing identity for user PeerAdmin
    at _cryptoSuite.importKey.then.then (/home/manoj/alliance-service/node_modules/fabric-client/lib/User.js:255:11)
[32m[2017-10-09 13:15:50.777] [INFO] console - [39mdata in claimArray undefined
[31m[2017-10-09 13:15:50.783] [ERROR] console - [39m(node:25221) UnhandledPromiseRejectionWarning: Unhandled promise rejection (rejection id: 2): RangeError: Invalid status code: 0
[32m[2017-10-09 13:17:52.981] [INFO] console - [39midPNjEWoakNFMckM5pZorvNYRoOGvZzwJBAjjBus+jJXI=
[32m[2017-10-09 13:17:52.982] [INFO] console - [39m{ user: 'risabh.s', getclaims: 'getclaims' } 'data in params for query method'
[32m[2017-10-09 13:17:52.983] [INFO] console - [39mCreate a client and set the wallet location
[32m[2017-10-09 13:17:52.985] [INFO] console - [39mSet wallet path, and associate user  PeerAdmin  with application
[31m[2017-10-09 13:17:52.993] [ERROR] console - [39mCaught Error Error: Private key missing from key store. Can not establish the signing identity for user PeerAdmin
    at _cryptoSuite.importKey.then.then (/home/manoj/alliance-service/node_modules/fabric-client/lib/User.js:255:11)
[32m[2017-10-09 13:17:52.995] [INFO] console - [39mdata in claimArray undefined
[31m[2017-10-09 13:17:52.996] [ERROR] console - [39m(node:25221) UnhandledPromiseRejectionWarning: Unhandled promise rejection (rejection id: 4): RangeError: Invalid status code: 0
